Vivado Simulator 2019.2
Time resolution is 1 ps
***********************************************************************
wadd1,    0  -1
wadd1,    1  -1
wadd1,    2  -1
wadd1,    3  -1
wadd1,    4  -1
wadd1,    5  -1
wadd1,    6  -1
wadd1,    7  -1
wadd1,    8  -1
wadd1,    9  -1
wadd1,   10  -1
wadd1,   11  -1
wadd1,   12  -1
wadd1,   13  -1
wadd1,   14  -1
wadd1,   15  -1
wadd1,   16  -1
wadd1,   17  -1
wadd1,   18  -1
wadd1,   19  -1
wadd1,   20  -1
wadd1,   21  -1
wadd1,   22  -1
wadd1,   23  -1
wadd1,   24  -1
wadd1,   25  -1
wadd1,   26  -1
wadd1,   27  -1
wadd1,   28  -1
wadd1,   29  -1
wadd1,   30  -1
wadd1,   31  -1
wadd1,   32  -1
wadd1,   33  -1
wadd1,   34  -1
wadd1,   35  -1
wadd1,   36  -1
wadd1,   37  -1
wadd1,   38  -1
wadd1,   39  -1
wadd1,   40  -1
wadd1,   41  -1
wadd1,   42  -1
wadd1,   43  -1
wadd1,   44  -1
wadd1,   45  -1
wadd1,   46  -1
wadd1,   47  -1
wadd1,   48  -1
wadd1,   49  -1
wadd1,   50  -1
wadd1,   51  -1
wadd1,   52  -1
wadd1,   53  -1
wadd1,   54  -1
wadd1,   55  -1
wadd1,   56  -1
wadd1,   57  -1
wadd1,   58  -1
wadd1,   59  -1
wadd1,   60  -1
wadd1,   61  -1
wadd1,   62  -1
wadd1,   63  -1
wadd1,   64  -1
wadd1,   65  -1
wadd1,   66  -1
wadd1,   67  -1
wadd1,   68  -1
wadd1,   69  -1
wadd1,   70  -1
wadd1,   71  -1
wadd1,   72  -1
wadd1,   73  -1
wadd1,   74  -1
wadd1,   75  -1
wadd1,   76  -1
wadd1,   77  -1
wadd1,   78  -1
wadd1,   79  -1
wadd1,   80  -1
wadd1,   81  -1
wadd1,   82  -1
wadd1,   83  -1
wadd1,   84  -1
wadd1,   85  -1
wadd1,   86  -1
wadd1,   87  -1
wadd1,   88  -1
wadd1,   89  -1
wadd1,   90  -1
wadd1,   91  -1
wadd1,   92  -1
wadd1,   93  -1
wadd1,   94  -1
wadd1,   95  -1
wadd1,   96  -1
wadd1,   97  -1
wadd1,   98  -1
wadd1,   99  -1
wadd1,  100  -1
wadd1,  101  -1
wadd1,  102  -1
wadd1,  103  -1
wadd1,  104  -1
wadd1,  105  -1
wadd1,  106  -1
wadd1,  107  -1
wadd1,  108  -1
wadd1,  109  -1
wadd1,  110  -1
wadd1,  111  -1
wadd1,  112  -1
wadd1,  113  -1
wadd1,  114  -1
wadd1,  115  -1
wadd1,  116  -1
wadd1,  117  -1
wadd1,  118  -1
wadd1,  119  -1
wadd1,  120  -1
wadd1,  121  -1
wadd1,  122  -1
wadd1,  123  -1
wadd1,  124  -1
wadd1,  125  -1
wadd1,  126  -1
wadd1,  127  20
wadd1,  128  -1
wadd1,  129  -1
wadd1,  130  -1
wadd1,  131  -1
wadd1,  132  -1
wadd1,  133  -1
wadd1,  134  -1
wadd1,  135  -1
wadd1,  136  -1
wadd1,  137  -1
wadd1,  138  -1
wadd1,  139  -1
wadd1,  140  -1
wadd1,  141  -1
wadd1,  142  -1
wadd1,  143  -1
wadd1,  144  -1
wadd1,  145  -1
wadd1,  146  -1
wadd1,  147  -1
wadd1,  148  -1
wadd1,  149  -1
wadd1,  150  -1
wadd1,  151  -1
wadd1,  152  27
wadd1,  153  52
wadd1,  154  -1
wadd1,  155  -1
wadd1,  156  -1
wadd1,  157  -1
wadd1,  158  -1
wadd1,  159  -1
wadd1,  160  -1
wadd1,  161  -1
wadd1,  162  -1
wadd1,  163  -1
wadd1,  164  -1
wadd1,  165  -1
wadd1,  166  -1
wadd1,  167  -1
wadd1,  168  -1
wadd1,  169  -1
wadd1,  170  -1
wadd1,  171  -1
wadd1,  172  -1
wadd1,  173  -1
wadd1,  174  -1
wadd1,  175  -1
wadd1,  176  -1
wadd1,  177  -1
wadd1,  178  48
wadd1,  179  18
wadd1,  180  -1
wadd1,  181  -1
wadd1,  182  -1
wadd1,  183  -1
wadd1,  184  -1
wadd1,  185  -1
wadd1,  186  -1
wadd1,  187  -1
wadd1,  188  -1
wadd1,  189  -1
wadd1,  190  -1
wadd1,  191  -1
wadd1,  192  -1
wadd1,  193  -1
wadd1,  194  -1
wadd1,  195  -1
wadd1,  196  -1
wadd1,  197  -1
wadd1,  198  -1
wadd1,  199  -1
wadd1,  200  -1
wadd1,  201  -1
wadd1,  202  -1
wadd1,  203  14
wadd1,  204  18
wadd1,  205  -1
wadd1,  206  -1
wadd1,  207  -1
wadd1,  208  -1
wadd1,  209  -1
wadd1,  210  -1
wadd1,  211  -1
wadd1,  212  -1
wadd1,  213  -1
wadd1,  214  -1
wadd1,  215  -1
wadd1,  216  -1
wadd1,  217  -1
wadd1,  218  -1
wadd1,  219  -1
wadd1,  220  -1
wadd1,  221  -1
wadd1,  222  -1
wadd1,  223  -1
wadd1,  224  37
wadd1,  225  52
wadd1,  226  -1
wadd1,  227  -1
wadd1,  228  -1
wadd1,  229  -1
wadd1,  230  -1
wadd1,  231  -1
wadd1,  232  -1
wadd1,  233  -1
wadd1,  234  -1
wadd1,  235  -1
wadd1,  236  -1
wadd1,  237  -1
wadd1,  238  -1
wadd1,  239  -1
wadd1,  240  -1
wadd1,  241  -1
wadd1,  242  -1
wadd1,  243  -1
wadd1,  244  -1
wadd1,  245  -1
wadd1,  246  -1
wadd1,  247  25
wadd1,  248  -1
wadd1,  249  -1
wadd1,  250  14
wadd1,  251  18
wadd1,  252  -1
wadd1,  253  -1
wadd1,  254  -1
wadd1,  255  -1
wadd1,  256  -1
wadd1,  257  -1
wadd1,  258  -1
wadd1,  259  -1
wadd1,  260  -1
wadd1,  261  -1
wadd1,  262  -1
wadd1,  263  -1
wadd1,  264  -1
wadd1,  265  -1
wadd1,  266  -1
wadd1,  267  -1
wadd1,  268  -1
wadd1,  269  -1
wadd1,  270  -1
wadd1,  271  -1
wadd1,  272  -1
wadd1,  273  -1
wadd1,  274  -1
wadd1,  275  -1
wadd1,  276  -1
wadd1,  277  -1
wadd1,  278  -1
wadd1,  279  -1
wadd1,  280  -1
wadd1,  281  -1
wadd1,  282  -1
wadd1,  283  -1
wadd1,  284  -1
wadd1,  285  -1
wadd1,  286  -1
wadd1,  287  -1
wadd1,  288  -1
wadd1,  289  -1
wadd1,  290  -1
wadd1,  291  -1
wadd1,  292  -1
wadd1,  293  -1
wadd1,  294  -1
wadd1,  295  -1
wadd1,  296  -1
wadd1,  297  -1
wadd1,  298  -1
wadd1,  299  -1
wadd1,  300  -1
wadd1,  301  -1
wadd1,  302  -1
wadd1,  303  -1
wadd1,  304  -1
wadd1,  305  -1
wadd1,  306  -1
wadd1,  307  -1
wadd1,  308  -1
wadd1,  309  -1
wadd1,  310  -1
wadd1,  311  -1
wadd1,  312  -1
wadd1,  313  -1
wadd1,  314  -1
wadd1,  315  -1
wadd1,  316  -1
wadd1,  317  -1
wadd1,  318  -1
wadd1,  319  -1
wadd1,  320  -1
wadd1,  321  -1
wadd1,  322  -1
wadd1,  323  -1
wadd1,  324  -1
wadd1,  325  -1
wadd1,  326  -1
wadd1,  327  -1
wadd1,  328  -1
wadd1,  329  -1
wadd1,  330  -1
wadd1,  331  -1
wadd1,  332  -1
wadd1,  333  -1
wadd1,  334  -1
wadd1,  335  -1
wadd1,  336  -1
wadd1,  337  -1
wadd1,  338  -1
wadd1,  339  -1
wadd1,  340  -1
wadd1,  341  -1
wadd1,  342  -1
wadd1,  343  -1
wadd1,  344  -1
wadd1,  345  -1
wadd1,  346  -1
wadd1,  347  -1
wadd1,  348  -1
wadd1,  349  -1
wadd1,  350  -1
wadd1,  351  -1
wadd1,  352  -1
wadd1,  353  -1
wadd1,  354  -1
wadd1,  355  -1
wadd1,  356  -1
wadd1,  357  -1
wadd1,  358  -1
wadd1,  359  -1
wadd1,  360  -1
wadd1,  361  -1
wadd1,  362  -1
wadd1,  363  -1
wadd1,  364  -1
wadd1,  365  -1
wadd1,  366  -1
wadd1,  367  -1
wadd1,  368  -1
wadd1,  369  -1
wadd1,  370  -1
wadd1,  371  -1
wadd1,  372  -1
wadd1,  373  -1
wadd1,  374  -1
wadd1,  375  -1
wadd1,  376  -1
wadd1,  377  -1
wadd1,  378  -1
wadd1,  379  -1
wadd1,  380  -1
wadd1,  381  -1
wadd1,  382  -1
wadd1,  383  20
wadd1,  384  -1
wadd1,  385  -1
wadd1,  386  -1
wadd1,  387  -1
wadd1,  388  -1
wadd1,  389  -1
wadd1,  390  -1
wadd1,  391  -1
wadd1,  392  -1
wadd1,  393  -1
wadd1,  394  -1
wadd1,  395  -1
wadd1,  396  -1
wadd1,  397  -1
wadd1,  398  -1
wadd1,  399  -1
wadd1,  400  -1
wadd1,  401  -1
wadd1,  402  -1
wadd1,  403  -1
wadd1,  404  -1
wadd1,  405  -1
wadd1,  406  -1
wadd1,  407  -1
wadd1,  408  -1
wadd1,  409   0
wadd1,  410  -1
wadd1,  411  -1
wadd1,  412  -1
wadd1,  413  -1
wadd1,  414  -1
wadd1,  415  -1
wadd1,  416  -1
wadd1,  417  -1
wadd1,  418  -1
wadd1,  419  -1
wadd1,  420  -1
wadd1,  421  -1
wadd1,  422  -1
wadd1,  423  -1
wadd1,  424  -1
wadd1,  425  -1
wadd1,  426  -1
wadd1,  427  -1
wadd1,  428  -1
wadd1,  429  -1
wadd1,  430  -1
wadd1,  431  -1
wadd1,  432  -1
wadd1,  433  -1
wadd1,  434  -1
wadd1,  435  18
wadd1,  436  27
wadd1,  437  -1
wadd1,  438  -1
wadd1,  439  -1
wadd1,  440  -1
wadd1,  441  -1
wadd1,  442  -1
wadd1,  443  -1
wadd1,  444  -1
wadd1,  445  -1
wadd1,  446  -1
wadd1,  447  -1
wadd1,  448  -1
wadd1,  449  -1
wadd1,  450  -1
wadd1,  451  -1
wadd1,  452  -1
wadd1,  453  -1
wadd1,  454  -1
wadd1,  455  -1
wadd1,  456  -1
wadd1,  457  -1
wadd1,  458  -1
wadd1,  459  -1
wadd1,  460  -1
wadd1,  461  35
wadd1,  462  29
wadd1,  463  -1
wadd1,  464  -1
wadd1,  465  -1
wadd1,  466  -1
wadd1,  467  -1
wadd1,  468  -1
wadd1,  469  -1
wadd1,  470  -1
wadd1,  471  -1
wadd1,  472  -1
wadd1,  473  -1
wadd1,  474  -1
wadd1,  475  -1
wadd1,  476  -1
wadd1,  477  -1
wadd1,  478  -1
wadd1,  479  -1
wadd1,  480  -1
wadd1,  481  -1
wadd1,  482  -1
wadd1,  483  -1
wadd1,  484  -1
wadd1,  485  -1
wadd1,  486   8
wadd1,  487  51
wadd1,  488   3
wadd1,  489  -1
wadd1,  490  -1
wadd1,  491  -1
wadd1,  492  -1
wadd1,  493  -1
wadd1,  494  -1
wadd1,  495  -1
wadd1,  496  -1
wadd1,  497  -1
wadd1,  498  -1
wadd1,  499  -1
wadd1,  500  -1
wadd1,  501  -1
wadd1,  502  -1
wadd1,  503  -1
wadd1,  504  -1
