Copyright 1986-2019 Xilinx, Inc. All Rights Reserved.
--------------------------------------------------------------------------------------------------------
| Tool Version : Vivado v.2019.2 (lin64) Build 2708876 Wed Nov  6 21:39:14 MST 2019
| Date         : Wed Aug 18 12:36:01 2021
| Host         : Tars running 64-bit Ubuntu 18.04.4 LTS
| Command      : report_utilization -hierarchical -file AccQuant_cnn_utilization_hierarchical_place.rpt
| Design       : AccQuant_cnn
| Device       : 7z020clg400-1
| Design State : Fully Placed
--------------------------------------------------------------------------------------------------------

Utilization Design Information

Table of Contents
-----------------
1. Utilization by Hierarchy

1. Utilization by Hierarchy
---------------------------

+----------------------------+------------------------------+------------+------------+---------+------+------+--------+--------+--------------+
|          Instance          |            Module            | Total LUTs | Logic LUTs | LUTRAMs | SRLs |  FFs | RAMB36 | RAMB18 | DSP48 Blocks |
+----------------------------+------------------------------+------------+------------+---------+------+------+--------+--------+--------------+
| AccQuant_cnn               |                        (top) |      15532 |      11358 |    4174 |    0 | 7358 |     15 |      8 |           61 |
|   (AccQuant_cnn)           |                        (top) |        284 |        268 |      16 |    0 |  586 |     14 |      0 |            0 |
|   VexRiscv                 |                     VexRiscv |       2129 |       2129 |       0 |    0 | 1246 |      1 |      8 |            4 |
|     (VexRiscv)             |                     VexRiscv |        889 |        889 |       0 |    0 | 1019 |      0 |      2 |            4 |
|     IBusCachedPlugin_cache |             InstructionCache |        653 |        653 |       0 |    0 |  106 |      1 |      1 |            0 |
|     dataCache_1_           |                    DataCache |        607 |        607 |       0 |    0 |  121 |      0 |      5 |            0 |
|   accQuant_cnn             |                 accQuant_cnn |      13119 |       8961 |    4158 |    0 | 5526 |      0 |      0 |           57 |
|     (accQuant_cnn)         |                 accQuant_cnn |          0 |          0 |       0 |    0 |    4 |      0 |      0 |            0 |
|     clk_fourth             |           clock_divider_dens |         10 |         10 |       0 |    0 |   29 |      0 |      0 |            0 |
|     clk_second             |                clock_divider |         11 |         11 |       0 |    0 |   29 |      0 |      0 |            0 |
|     clk_third              |            clock_divider_max |         10 |         10 |       0 |    0 |   29 |      0 |      0 |            0 |
|     conv1                  |                  convolution |        155 |        155 |       0 |    0 |  287 |      0 |      0 |           14 |
|       (conv1)              |                  convolution |         89 |         89 |       0 |    0 |  170 |      0 |      0 |            9 |
|       activation           |                       ReLu_3 |         24 |         24 |       0 |    0 |   45 |      0 |      0 |            0 |
|       quant                |                 quantization |         43 |         43 |       0 |    0 |   72 |      0 |      0 |            5 |
|     conv2                  |  convolution__parameterized0 |        155 |        155 |       0 |    0 |  287 |      0 |      0 |           14 |
|       (conv2)              |  convolution__parameterized0 |         88 |         88 |       0 |    0 |  170 |      0 |      0 |            9 |
|       activation           |                       ReLu_2 |         24 |         24 |       0 |    0 |   45 |      0 |      0 |            0 |
|       quant                | quantization__parameterized0 |         43 |         43 |       0 |    0 |   72 |      0 |      0 |            5 |
|     conv3                  |  convolution__parameterized1 |        153 |        153 |       0 |    0 |  287 |      0 |      0 |           14 |
|       (conv3)              |  convolution__parameterized1 |         86 |         86 |       0 |    0 |  170 |      0 |      0 |            9 |
|       activation           |                         ReLu |         24 |         24 |       0 |    0 |   45 |      0 |      0 |            0 |
|       quant                | quantization__parameterized1 |         43 |         43 |       0 |    0 |   72 |      0 |      0 |            5 |
|     image                  |                 memory_image |       3249 |        675 |    2574 |    0 |    1 |      0 |      0 |            9 |
|     maxpooling_1           |                   maxpooling |         74 |         74 |       0 |    0 |   91 |      0 |      0 |            0 |
|     maxpooling_2           |                 maxpooling_0 |         73 |         73 |       0 |    0 |   88 |      0 |      0 |            0 |
|     maxpooling_3           |                 maxpooling_1 |         73 |         73 |       0 |    0 |   88 |      0 |      0 |            0 |
|     pos_memory_Max_count   |       counterPositionRstlMax |       5920 |       5920 |       0 |    0 |   57 |      0 |      0 |            0 |
|     pos_memory_conv        |      counterPositionRstlConv |         48 |         48 |       0 |    0 |   37 |      0 |      0 |            0 |
|     positionConv           |     controlMemoryAddressConv |         48 |         48 |       0 |    0 |   30 |      0 |      0 |            0 |
|       counter_i            |              counter_row_max |         21 |         21 |       0 |    0 |   11 |      0 |      0 |            0 |
|       counter_j            |              counter_col_max |         27 |         27 |       0 |    0 |   19 |      0 |      0 |            0 |
|     positionImage          |      controlMemoryAddressImg |         46 |         46 |       0 |    0 |   22 |      0 |      0 |            0 |
|       counter_i            |                  counter_row |         24 |         24 |       0 |    0 |   11 |      0 |      0 |            0 |
|       counter_j            |                  counter_col |         22 |         22 |       0 |    0 |   11 |      0 |      0 |            0 |
|     save_data_1            |           memory_rstl_conv_1 |        664 |        136 |     528 |    0 |   32 |      0 |      0 |            4 |
|     save_data_2            |           memory_rstl_conv_2 |        664 |        136 |     528 |    0 |   32 |      0 |      0 |            2 |
|     save_data_3            |           memory_rstl_conv_3 |        664 |        136 |     528 |    0 |   32 |      0 |      0 |            0 |
|     save_max_1             |            memory_rstl_max_1 |       1102 |       1102 |       0 |    0 | 4064 |      0 |      0 |            0 |
+----------------------------+------------------------------+------------+------------+---------+------+------+--------+--------+--------------+
* Note: The sum of lower-level cells may be larger than their parent cells total, due to cross-hierarchy LUT combining


