Copyright 1986-2019 Xilinx, Inc. All Rights Reserved.
--------------------------------------------------------------------------------------------------------
| Tool Version : Vivado v.2019.2 (lin64) Build 2708876 Wed Nov  6 21:39:14 MST 2019
| Date         : Sat Aug 21 04:49:06 2021
| Host         : Tars running 64-bit Ubuntu 18.04.4 LTS
| Command      : report_utilization -hierarchical -file AccQuant_cnn_utilization_hierarchical_synth.rpt
| Design       : AccQuant_cnn
| Device       : 7z020clg400-1
| Design State : Synthesized
--------------------------------------------------------------------------------------------------------

Utilization Design Information

Table of Contents
-----------------
1. Utilization by Hierarchy

1. Utilization by Hierarchy
---------------------------

+----------------------------+-------------------------+------------+------------+---------+------+------+--------+--------+--------------+
|          Instance          |          Module         | Total LUTs | Logic LUTs | LUTRAMs | SRLs |  FFs | RAMB36 | RAMB18 | DSP48 Blocks |
+----------------------------+-------------------------+------------+------------+---------+------+------+--------+--------+--------------+
| AccQuant_cnn               |                   (top) |       6311 |       3435 |    2876 |    0 | 2190 |     15 |      9 |           27 |
|   (AccQuant_cnn)           |                   (top) |        205 |        189 |      16 |    0 |  587 |     14 |      0 |            0 |
|   VexRiscv                 |                VexRiscv |       2231 |       2231 |       0 |    0 | 1251 |      1 |      8 |            4 |
|     (VexRiscv)             |                VexRiscv |        917 |        917 |       0 |    0 | 1019 |      0 |      2 |            4 |
|     IBusCachedPlugin_cache |        InstructionCache |        705 |        705 |       0 |    0 |  111 |      1 |      1 |            0 |
|     dataCache_1_           |               DataCache |        609 |        609 |       0 |    0 |  121 |      0 |      5 |            0 |
|   accQuant_cnn             |            accQuant_cnn |       3875 |       1015 |    2860 |    0 |  352 |      0 |      1 |           23 |
|     (accQuant_cnn)         |            accQuant_cnn |          0 |          0 |       0 |    0 |    1 |      0 |      0 |            0 |
|     clk_second             |           clock_divider |         11 |         11 |       0 |    0 |   29 |      0 |      0 |            0 |
|     conv1                  |             convolution |        185 |        185 |       0 |    0 |  287 |      0 |      0 |           14 |
|       (conv1)              |             convolution |        118 |        118 |       0 |    0 |  170 |      0 |      0 |            9 |
|       activation           |                    ReLu |         22 |         22 |       0 |    0 |   45 |      0 |      0 |            0 |
|       quant                |            quantization |         45 |         45 |       0 |    0 |   72 |      0 |      0 |            5 |
|     image                  |            memory_image |       3611 |        751 |    2860 |    0 |    1 |      0 |      0 |            9 |
|     pos_memory_conv        | counterPositionRstlConv |         14 |         14 |       0 |    0 |   11 |      0 |      0 |            0 |
|     positionImage          | controlMemoryAddressImg |         53 |         53 |       0 |    0 |   23 |      0 |      0 |            0 |
|       (positionImage)      | controlMemoryAddressImg |          1 |          1 |       0 |    0 |    1 |      0 |      0 |            0 |
|       counter_i            |             counter_row |         27 |         27 |       0 |    0 |   11 |      0 |      0 |            0 |
|       counter_j            |             counter_col |         25 |         25 |       0 |    0 |   11 |      0 |      0 |            0 |
|     save_data_1            |      memory_rstl_conv_1 |          1 |          1 |       0 |    0 |    0 |      0 |      1 |            0 |
+----------------------------+-------------------------+------------+------------+---------+------+------+--------+--------+--------------+


