#-----------------------------------------------------------
# Vivado v2019.2 (64-bit)
# SW Build 2708876 on Wed Nov  6 21:39:14 MST 2019
# IP Build 2700528 on Thu Nov  7 00:09:20 MST 2019
# Start of session at: Wed Aug 18 12:12:26 2021
# Process ID: 7239
# Current directory: /home/javier/Documents/fpga_implementations_of_neural_networks/CNN/02_hardware/03_processor/03_soc_maxpooling/build/gateware
# Command line: vivado -mode batch -source AccQuant_cnn.tcl
# Log file: /home/javier/Documents/fpga_implementations_of_neural_networks/CNN/02_hardware/03_processor/03_soc_maxpooling/build/gateware/vivado.log
# Journal file: /home/javier/Documents/fpga_implementations_of_neural_networks/CNN/02_hardware/03_processor/03_soc_maxpooling/build/gateware/vivado.jou
#-----------------------------------------------------------
source AccQuant_cnn.tcl
# source "AccQuant_cnn_route.tcl"
## create_project -force -name AccQuant_cnn -part xc7z020-clg400-1
## set_property XPM_LIBRARIES {XPM_CDC XPM_MEMORY} [current_project]
## add_files {AccQuant_cnn.v}
## set_property library work [get_files {AccQuant_cnn.v}]
WARNING: [filemgmt 56-99] Vivado Synthesis ignores library specification for Verilog or SystemVerilog files. [/home/javier/Documents/fpga_implementations_of_neural_networks/CNN/02_hardware/03_processor/03_soc_maxpooling/build/gateware/AccQuant_cnn.v:]
## add_files {imports/home/javier/Documents/fpga_implementations_of_neural_networks/CNN/02_hardware/03_processor/03_soc_maxpooling/hardware/ReLu.v}
## set_property library work [get_files {imports/home/javier/Documents/fpga_implementations_of_neural_networks/CNN/02_hardware/03_processor/03_soc_maxpooling/hardware/ReLu.v}]
WARNING: [filemgmt 56-99] Vivado Synthesis ignores library specification for Verilog or SystemVerilog files. [/home/javier/Documents/fpga_implementations_of_neural_networks/CNN/02_hardware/03_processor/03_soc_maxpooling/build/gateware/imports/home/javier/Documents/fpga_implementations_of_neural_networks/CNN/02_hardware/03_processor/03_soc_maxpooling/hardware/ReLu.v:]
## add_files {imports/home/javier/Documents/fpga_implementations_of_neural_networks/CNN/02_hardware/03_processor/03_soc_maxpooling/hardware/accQuant_cnn.v}
## set_property library work [get_files {imports/home/javier/Documents/fpga_implementations_of_neural_networks/CNN/02_hardware/03_processor/03_soc_maxpooling/hardware/accQuant_cnn.v}]
WARNING: [filemgmt 56-99] Vivado Synthesis ignores library specification for Verilog or SystemVerilog files. [/home/javier/Documents/fpga_implementations_of_neural_networks/CNN/02_hardware/03_processor/03_soc_maxpooling/build/gateware/imports/home/javier/Documents/fpga_implementations_of_neural_networks/CNN/02_hardware/03_processor/03_soc_maxpooling/hardware/accQuant_cnn.v:]
## add_files {imports/home/javier/Documents/fpga_implementations_of_neural_networks/CNN/02_hardware/03_processor/03_soc_maxpooling/hardware/clock_divider.v}
## set_property library work [get_files {imports/home/javier/Documents/fpga_implementations_of_neural_networks/CNN/02_hardware/03_processor/03_soc_maxpooling/hardware/clock_divider.v}]
WARNING: [filemgmt 56-99] Vivado Synthesis ignores library specification for Verilog or SystemVerilog files. [/home/javier/Documents/fpga_implementations_of_neural_networks/CNN/02_hardware/03_processor/03_soc_maxpooling/build/gateware/imports/home/javier/Documents/fpga_implementations_of_neural_networks/CNN/02_hardware/03_processor/03_soc_maxpooling/hardware/clock_divider.v:]
## add_files {imports/home/javier/Documents/fpga_implementations_of_neural_networks/CNN/02_hardware/03_processor/03_soc_maxpooling/hardware/clock_divider_dens.v}
## set_property library work [get_files {imports/home/javier/Documents/fpga_implementations_of_neural_networks/CNN/02_hardware/03_processor/03_soc_maxpooling/hardware/clock_divider_dens.v}]
WARNING: [filemgmt 56-99] Vivado Synthesis ignores library specification for Verilog or SystemVerilog files. [/home/javier/Documents/fpga_implementations_of_neural_networks/CNN/02_hardware/03_processor/03_soc_maxpooling/build/gateware/imports/home/javier/Documents/fpga_implementations_of_neural_networks/CNN/02_hardware/03_processor/03_soc_maxpooling/hardware/clock_divider_dens.v:]
## add_files {imports/home/javier/Documents/fpga_implementations_of_neural_networks/CNN/02_hardware/03_processor/03_soc_maxpooling/hardware/clock_divider_max.v}
## set_property library work [get_files {imports/home/javier/Documents/fpga_implementations_of_neural_networks/CNN/02_hardware/03_processor/03_soc_maxpooling/hardware/clock_divider_max.v}]
WARNING: [filemgmt 56-99] Vivado Synthesis ignores library specification for Verilog or SystemVerilog files. [/home/javier/Documents/fpga_implementations_of_neural_networks/CNN/02_hardware/03_processor/03_soc_maxpooling/build/gateware/imports/home/javier/Documents/fpga_implementations_of_neural_networks/CNN/02_hardware/03_processor/03_soc_maxpooling/hardware/clock_divider_max.v:]
## add_files {imports/home/javier/Documents/fpga_implementations_of_neural_networks/CNN/02_hardware/03_processor/03_soc_maxpooling/hardware/controlMemoryAddressConv.v}
## set_property library work [get_files {imports/home/javier/Documents/fpga_implementations_of_neural_networks/CNN/02_hardware/03_processor/03_soc_maxpooling/hardware/controlMemoryAddressConv.v}]
WARNING: [filemgmt 56-99] Vivado Synthesis ignores library specification for Verilog or SystemVerilog files. [/home/javier/Documents/fpga_implementations_of_neural_networks/CNN/02_hardware/03_processor/03_soc_maxpooling/build/gateware/imports/home/javier/Documents/fpga_implementations_of_neural_networks/CNN/02_hardware/03_processor/03_soc_maxpooling/hardware/controlMemoryAddressConv.v:]
## add_files {imports/home/javier/Documents/fpga_implementations_of_neural_networks/CNN/02_hardware/03_processor/03_soc_maxpooling/hardware/controlMemoryAddressImg.v}
## set_property library work [get_files {imports/home/javier/Documents/fpga_implementations_of_neural_networks/CNN/02_hardware/03_processor/03_soc_maxpooling/hardware/controlMemoryAddressImg.v}]
WARNING: [filemgmt 56-99] Vivado Synthesis ignores library specification for Verilog or SystemVerilog files. [/home/javier/Documents/fpga_implementations_of_neural_networks/CNN/02_hardware/03_processor/03_soc_maxpooling/build/gateware/imports/home/javier/Documents/fpga_implementations_of_neural_networks/CNN/02_hardware/03_processor/03_soc_maxpooling/hardware/controlMemoryAddressImg.v:]
## add_files {imports/home/javier/Documents/fpga_implementations_of_neural_networks/CNN/02_hardware/03_processor/03_soc_maxpooling/hardware/convolution.v}
## set_property library work [get_files {imports/home/javier/Documents/fpga_implementations_of_neural_networks/CNN/02_hardware/03_processor/03_soc_maxpooling/hardware/convolution.v}]
WARNING: [filemgmt 56-99] Vivado Synthesis ignores library specification for Verilog or SystemVerilog files. [/home/javier/Documents/fpga_implementations_of_neural_networks/CNN/02_hardware/03_processor/03_soc_maxpooling/build/gateware/imports/home/javier/Documents/fpga_implementations_of_neural_networks/CNN/02_hardware/03_processor/03_soc_maxpooling/hardware/convolution.v:]
## add_files {imports/home/javier/Documents/fpga_implementations_of_neural_networks/CNN/02_hardware/03_processor/03_soc_maxpooling/hardware/counterPositionRstlConv.v}
## set_property library work [get_files {imports/home/javier/Documents/fpga_implementations_of_neural_networks/CNN/02_hardware/03_processor/03_soc_maxpooling/hardware/counterPositionRstlConv.v}]
WARNING: [filemgmt 56-99] Vivado Synthesis ignores library specification for Verilog or SystemVerilog files. [/home/javier/Documents/fpga_implementations_of_neural_networks/CNN/02_hardware/03_processor/03_soc_maxpooling/build/gateware/imports/home/javier/Documents/fpga_implementations_of_neural_networks/CNN/02_hardware/03_processor/03_soc_maxpooling/hardware/counterPositionRstlConv.v:]
## add_files {imports/home/javier/Documents/fpga_implementations_of_neural_networks/CNN/02_hardware/03_processor/03_soc_maxpooling/hardware/counterPositionRstlMax.v}
## set_property library work [get_files {imports/home/javier/Documents/fpga_implementations_of_neural_networks/CNN/02_hardware/03_processor/03_soc_maxpooling/hardware/counterPositionRstlMax.v}]
WARNING: [filemgmt 56-99] Vivado Synthesis ignores library specification for Verilog or SystemVerilog files. [/home/javier/Documents/fpga_implementations_of_neural_networks/CNN/02_hardware/03_processor/03_soc_maxpooling/build/gateware/imports/home/javier/Documents/fpga_implementations_of_neural_networks/CNN/02_hardware/03_processor/03_soc_maxpooling/hardware/counterPositionRstlMax.v:]
## add_files {imports/home/javier/Documents/fpga_implementations_of_neural_networks/CNN/02_hardware/03_processor/03_soc_maxpooling/hardware/maxpooling.v}
## set_property library work [get_files {imports/home/javier/Documents/fpga_implementations_of_neural_networks/CNN/02_hardware/03_processor/03_soc_maxpooling/hardware/maxpooling.v}]
WARNING: [filemgmt 56-99] Vivado Synthesis ignores library specification for Verilog or SystemVerilog files. [/home/javier/Documents/fpga_implementations_of_neural_networks/CNN/02_hardware/03_processor/03_soc_maxpooling/build/gateware/imports/home/javier/Documents/fpga_implementations_of_neural_networks/CNN/02_hardware/03_processor/03_soc_maxpooling/hardware/maxpooling.v:]
## add_files {imports/home/javier/Documents/fpga_implementations_of_neural_networks/CNN/02_hardware/03_processor/03_soc_maxpooling/hardware/memory_filter_1.v}
## set_property library work [get_files {imports/home/javier/Documents/fpga_implementations_of_neural_networks/CNN/02_hardware/03_processor/03_soc_maxpooling/hardware/memory_filter_1.v}]
WARNING: [filemgmt 56-99] Vivado Synthesis ignores library specification for Verilog or SystemVerilog files. [/home/javier/Documents/fpga_implementations_of_neural_networks/CNN/02_hardware/03_processor/03_soc_maxpooling/build/gateware/imports/home/javier/Documents/fpga_implementations_of_neural_networks/CNN/02_hardware/03_processor/03_soc_maxpooling/hardware/memory_filter_1.v:]
## add_files {imports/home/javier/Documents/fpga_implementations_of_neural_networks/CNN/02_hardware/03_processor/03_soc_maxpooling/hardware/memory_filter_2.v}
## set_property library work [get_files {imports/home/javier/Documents/fpga_implementations_of_neural_networks/CNN/02_hardware/03_processor/03_soc_maxpooling/hardware/memory_filter_2.v}]
WARNING: [filemgmt 56-99] Vivado Synthesis ignores library specification for Verilog or SystemVerilog files. [/home/javier/Documents/fpga_implementations_of_neural_networks/CNN/02_hardware/03_processor/03_soc_maxpooling/build/gateware/imports/home/javier/Documents/fpga_implementations_of_neural_networks/CNN/02_hardware/03_processor/03_soc_maxpooling/hardware/memory_filter_2.v:]
## add_files {imports/home/javier/Documents/fpga_implementations_of_neural_networks/CNN/02_hardware/03_processor/03_soc_maxpooling/hardware/memory_filter_3.v}
## set_property library work [get_files {imports/home/javier/Documents/fpga_implementations_of_neural_networks/CNN/02_hardware/03_processor/03_soc_maxpooling/hardware/memory_filter_3.v}]
WARNING: [filemgmt 56-99] Vivado Synthesis ignores library specification for Verilog or SystemVerilog files. [/home/javier/Documents/fpga_implementations_of_neural_networks/CNN/02_hardware/03_processor/03_soc_maxpooling/build/gateware/imports/home/javier/Documents/fpga_implementations_of_neural_networks/CNN/02_hardware/03_processor/03_soc_maxpooling/hardware/memory_filter_3.v:]
## add_files {imports/home/javier/Documents/fpga_implementations_of_neural_networks/CNN/02_hardware/03_processor/03_soc_maxpooling/hardware/memory_image.v}
## set_property library work [get_files {imports/home/javier/Documents/fpga_implementations_of_neural_networks/CNN/02_hardware/03_processor/03_soc_maxpooling/hardware/memory_image.v}]
WARNING: [filemgmt 56-99] Vivado Synthesis ignores library specification for Verilog or SystemVerilog files. [/home/javier/Documents/fpga_implementations_of_neural_networks/CNN/02_hardware/03_processor/03_soc_maxpooling/build/gateware/imports/home/javier/Documents/fpga_implementations_of_neural_networks/CNN/02_hardware/03_processor/03_soc_maxpooling/hardware/memory_image.v:]
## add_files {imports/home/javier/Documents/fpga_implementations_of_neural_networks/CNN/02_hardware/03_processor/03_soc_maxpooling/hardware/memory_rstl_conv_1.v}
## set_property library work [get_files {imports/home/javier/Documents/fpga_implementations_of_neural_networks/CNN/02_hardware/03_processor/03_soc_maxpooling/hardware/memory_rstl_conv_1.v}]
WARNING: [filemgmt 56-99] Vivado Synthesis ignores library specification for Verilog or SystemVerilog files. [/home/javier/Documents/fpga_implementations_of_neural_networks/CNN/02_hardware/03_processor/03_soc_maxpooling/build/gateware/imports/home/javier/Documents/fpga_implementations_of_neural_networks/CNN/02_hardware/03_processor/03_soc_maxpooling/hardware/memory_rstl_conv_1.v:]
## add_files {imports/home/javier/Documents/fpga_implementations_of_neural_networks/CNN/02_hardware/03_processor/03_soc_maxpooling/hardware/memory_rstl_conv_2.v}
## set_property library work [get_files {imports/home/javier/Documents/fpga_implementations_of_neural_networks/CNN/02_hardware/03_processor/03_soc_maxpooling/hardware/memory_rstl_conv_2.v}]
WARNING: [filemgmt 56-99] Vivado Synthesis ignores library specification for Verilog or SystemVerilog files. [/home/javier/Documents/fpga_implementations_of_neural_networks/CNN/02_hardware/03_processor/03_soc_maxpooling/build/gateware/imports/home/javier/Documents/fpga_implementations_of_neural_networks/CNN/02_hardware/03_processor/03_soc_maxpooling/hardware/memory_rstl_conv_2.v:]
## add_files {imports/home/javier/Documents/fpga_implementations_of_neural_networks/CNN/02_hardware/03_processor/03_soc_maxpooling/hardware/memory_rstl_conv_3.v}
## set_property library work [get_files {imports/home/javier/Documents/fpga_implementations_of_neural_networks/CNN/02_hardware/03_processor/03_soc_maxpooling/hardware/memory_rstl_conv_3.v}]
WARNING: [filemgmt 56-99] Vivado Synthesis ignores library specification for Verilog or SystemVerilog files. [/home/javier/Documents/fpga_implementations_of_neural_networks/CNN/02_hardware/03_processor/03_soc_maxpooling/build/gateware/imports/home/javier/Documents/fpga_implementations_of_neural_networks/CNN/02_hardware/03_processor/03_soc_maxpooling/hardware/memory_rstl_conv_3.v:]
## add_files {imports/home/javier/Documents/fpga_implementations_of_neural_networks/CNN/02_hardware/03_processor/03_soc_maxpooling/hardware/memory_rstl_max_1.v}
## set_property library work [get_files {imports/home/javier/Documents/fpga_implementations_of_neural_networks/CNN/02_hardware/03_processor/03_soc_maxpooling/hardware/memory_rstl_max_1.v}]
WARNING: [filemgmt 56-99] Vivado Synthesis ignores library specification for Verilog or SystemVerilog files. [/home/javier/Documents/fpga_implementations_of_neural_networks/CNN/02_hardware/03_processor/03_soc_maxpooling/build/gateware/imports/home/javier/Documents/fpga_implementations_of_neural_networks/CNN/02_hardware/03_processor/03_soc_maxpooling/hardware/memory_rstl_max_1.v:]
## add_files {imports/home/javier/Documents/fpga_implementations_of_neural_networks/CNN/02_hardware/03_processor/03_soc_maxpooling/hardware/quantization.v}
## set_property library work [get_files {imports/home/javier/Documents/fpga_implementations_of_neural_networks/CNN/02_hardware/03_processor/03_soc_maxpooling/hardware/quantization.v}]
WARNING: [filemgmt 56-99] Vivado Synthesis ignores library specification for Verilog or SystemVerilog files. [/home/javier/Documents/fpga_implementations_of_neural_networks/CNN/02_hardware/03_processor/03_soc_maxpooling/build/gateware/imports/home/javier/Documents/fpga_implementations_of_neural_networks/CNN/02_hardware/03_processor/03_soc_maxpooling/hardware/quantization.v:]
## add_files {imports/home/javier/litex/pythondata-cpu-vexriscv/pythondata_cpu_vexriscv/verilog/VexRiscv.v}
## set_property library work [get_files {imports/home/javier/litex/pythondata-cpu-vexriscv/pythondata_cpu_vexriscv/verilog/VexRiscv.v}]
WARNING: [filemgmt 56-99] Vivado Synthesis ignores library specification for Verilog or SystemVerilog files. [/home/javier/Documents/fpga_implementations_of_neural_networks/CNN/02_hardware/03_processor/03_soc_maxpooling/build/gateware/imports/home/javier/litex/pythondata-cpu-vexriscv/pythondata_cpu_vexriscv/verilog/VexRiscv.v:]
## read_xdc AccQuant_cnn.xdc
## synth_design -top AccQuant_cnn -part xc7z020-clg400-1
Command: synth_design -top AccQuant_cnn -part xc7z020-clg400-1
Starting synth_design
Attempting to get a license for feature 'Synthesis' and/or device 'xc7z020'
INFO: [Common 17-349] Got license for feature 'Synthesis' and/or device 'xc7z020'
INFO: [Device 21-403] Loading part xc7z020clg400-1
INFO: Launching helper process for spawning children vivado processes
INFO: Helper process launched with PID 7287 
---------------------------------------------------------------------------------
Starting RTL Elaboration : Time (s): cpu = 00:00:03 ; elapsed = 00:00:04 . Memory (MB): peak = 1988.750 ; gain = 202.715 ; free physical = 388 ; free virtual = 3678
---------------------------------------------------------------------------------
INFO: [Synth 8-6157] synthesizing module 'AccQuant_cnn' [/home/javier/Documents/fpga_implementations_of_neural_networks/CNN/02_hardware/03_processor/03_soc_maxpooling/build/gateware/AccQuant_cnn.v:2]
INFO: [Synth 8-5534] Detected attribute (* dont_touch = "true" *) [/home/javier/Documents/fpga_implementations_of_neural_networks/CNN/02_hardware/03_processor/03_soc_maxpooling/build/gateware/AccQuant_cnn.v:495]
INFO: [Synth 8-5534] Detected attribute (* async_reg = "true" *) [/home/javier/Documents/fpga_implementations_of_neural_networks/CNN/02_hardware/03_processor/03_soc_maxpooling/build/gateware/AccQuant_cnn.v:495]
INFO: [Synth 8-5534] Detected attribute (* dont_touch = "true" *) [/home/javier/Documents/fpga_implementations_of_neural_networks/CNN/02_hardware/03_processor/03_soc_maxpooling/build/gateware/AccQuant_cnn.v:496]
INFO: [Synth 8-5534] Detected attribute (* async_reg = "true" *) [/home/javier/Documents/fpga_implementations_of_neural_networks/CNN/02_hardware/03_processor/03_soc_maxpooling/build/gateware/AccQuant_cnn.v:496]
INFO: [Synth 8-3876] $readmem data file 'mem.init' is read successfully [/home/javier/Documents/fpga_implementations_of_neural_networks/CNN/02_hardware/03_processor/03_soc_maxpooling/build/gateware/AccQuant_cnn.v:2067]
INFO: [Synth 8-3876] $readmem data file 'mem_1.init' is read successfully [/home/javier/Documents/fpga_implementations_of_neural_networks/CNN/02_hardware/03_processor/03_soc_maxpooling/build/gateware/AccQuant_cnn.v:2087]
INFO: [Synth 8-3876] $readmem data file 'mem_2.init' is read successfully [/home/javier/Documents/fpga_implementations_of_neural_networks/CNN/02_hardware/03_processor/03_soc_maxpooling/build/gateware/AccQuant_cnn.v:2107]
INFO: [Synth 8-3876] $readmem data file 'mem_3.init' is read successfully [/home/javier/Documents/fpga_implementations_of_neural_networks/CNN/02_hardware/03_processor/03_soc_maxpooling/build/gateware/AccQuant_cnn.v:2119]
INFO: [Synth 8-155] case statement is not full and has no default [/home/javier/Documents/fpga_implementations_of_neural_networks/CNN/02_hardware/03_processor/03_soc_maxpooling/build/gateware/AccQuant_cnn.v:1789]
INFO: [Synth 8-155] case statement is not full and has no default [/home/javier/Documents/fpga_implementations_of_neural_networks/CNN/02_hardware/03_processor/03_soc_maxpooling/build/gateware/AccQuant_cnn.v:1855]
INFO: [Synth 8-155] case statement is not full and has no default [/home/javier/Documents/fpga_implementations_of_neural_networks/CNN/02_hardware/03_processor/03_soc_maxpooling/build/gateware/AccQuant_cnn.v:1879]
INFO: [Synth 8-155] case statement is not full and has no default [/home/javier/Documents/fpga_implementations_of_neural_networks/CNN/02_hardware/03_processor/03_soc_maxpooling/build/gateware/AccQuant_cnn.v:1934]
INFO: [Synth 8-6157] synthesizing module 'accQuant_cnn' [/home/javier/Documents/fpga_implementations_of_neural_networks/CNN/02_hardware/03_processor/03_soc_maxpooling/build/gateware/imports/home/javier/Documents/fpga_implementations_of_neural_networks/CNN/02_hardware/03_processor/03_soc_maxpooling/hardware/accQuant_cnn.v:23]
	Parameter numWeightRstlConv bound to: 676 - type: integer 
	Parameter numWeightRstlMax bound to: 507 - type: integer 
	Parameter addressWidthCount bound to: 10 - type: integer 
	Parameter dataWidthCount bound to: 10 - type: integer 
	Parameter dataWidthMen bound to: 16 - type: integer 
	Parameter dataWidthMenConv bound to: 8 - type: integer 
	Parameter dataWidthMenMax bound to: 8 - type: integer 
	Parameter dataWidthNumDens bound to: 8 - type: integer 
	Parameter addressWidthImg bound to: 10 - type: integer 
	Parameter dataWidthImg bound to: 16 - type: integer 
INFO: [Synth 8-6157] synthesizing module 'clock_divider' [/home/javier/Documents/fpga_implementations_of_neural_networks/CNN/02_hardware/03_processor/03_soc_maxpooling/build/gateware/imports/home/javier/Documents/fpga_implementations_of_neural_networks/CNN/02_hardware/03_processor/03_soc_maxpooling/hardware/clock_divider.v:23]
	Parameter DIVISOR bound to: 28'b0000000000000000000000100110 
INFO: [Synth 8-6155] done synthesizing module 'clock_divider' (1#1) [/home/javier/Documents/fpga_implementations_of_neural_networks/CNN/02_hardware/03_processor/03_soc_maxpooling/build/gateware/imports/home/javier/Documents/fpga_implementations_of_neural_networks/CNN/02_hardware/03_processor/03_soc_maxpooling/hardware/clock_divider.v:23]
INFO: [Synth 8-6157] synthesizing module 'controlMemoryAddressImg' [/home/javier/Documents/fpga_implementations_of_neural_networks/CNN/02_hardware/03_processor/03_soc_maxpooling/build/gateware/imports/home/javier/Documents/fpga_implementations_of_neural_networks/CNN/02_hardware/03_processor/03_soc_maxpooling/hardware/controlMemoryAddressImg.v:23]
	Parameter counterWidth bound to: 10 - type: integer 
INFO: [Synth 8-6157] synthesizing module 'counter_col' [/home/javier/Documents/fpga_implementations_of_neural_networks/CNN/02_hardware/03_processor/03_soc_maxpooling/build/gateware/imports/home/javier/Documents/fpga_implementations_of_neural_networks/CNN/02_hardware/03_processor/03_soc_maxpooling/hardware/controlMemoryAddressImg.v:114]
	Parameter counterWidth bound to: 10 - type: integer 
	Parameter n_c bound to: 5'b11100 
	Parameter n_r bound to: 5'b11100 
INFO: [Synth 8-6155] done synthesizing module 'counter_col' (2#1) [/home/javier/Documents/fpga_implementations_of_neural_networks/CNN/02_hardware/03_processor/03_soc_maxpooling/build/gateware/imports/home/javier/Documents/fpga_implementations_of_neural_networks/CNN/02_hardware/03_processor/03_soc_maxpooling/hardware/controlMemoryAddressImg.v:114]
INFO: [Synth 8-6157] synthesizing module 'counter_row' [/home/javier/Documents/fpga_implementations_of_neural_networks/CNN/02_hardware/03_processor/03_soc_maxpooling/build/gateware/imports/home/javier/Documents/fpga_implementations_of_neural_networks/CNN/02_hardware/03_processor/03_soc_maxpooling/hardware/controlMemoryAddressImg.v:68]
	Parameter counterWidth bound to: 10 - type: integer 
	Parameter n_c bound to: 5'b11100 
	Parameter n_r bound to: 5'b11100 
INFO: [Synth 8-6155] done synthesizing module 'counter_row' (3#1) [/home/javier/Documents/fpga_implementations_of_neural_networks/CNN/02_hardware/03_processor/03_soc_maxpooling/build/gateware/imports/home/javier/Documents/fpga_implementations_of_neural_networks/CNN/02_hardware/03_processor/03_soc_maxpooling/hardware/controlMemoryAddressImg.v:68]
INFO: [Synth 8-6155] done synthesizing module 'controlMemoryAddressImg' (4#1) [/home/javier/Documents/fpga_implementations_of_neural_networks/CNN/02_hardware/03_processor/03_soc_maxpooling/build/gateware/imports/home/javier/Documents/fpga_implementations_of_neural_networks/CNN/02_hardware/03_processor/03_soc_maxpooling/hardware/controlMemoryAddressImg.v:23]
INFO: [Synth 8-6157] synthesizing module 'counterPositionRstlConv' [/home/javier/Documents/fpga_implementations_of_neural_networks/CNN/02_hardware/03_processor/03_soc_maxpooling/build/gateware/imports/home/javier/Documents/fpga_implementations_of_neural_networks/CNN/02_hardware/03_processor/03_soc_maxpooling/hardware/counterPositionRstlConv.v:23]
	Parameter counterWidth bound to: 10 - type: integer 
	Parameter numWeightRstlConv bound to: 676 - type: integer 
INFO: [Synth 8-6155] done synthesizing module 'counterPositionRstlConv' (5#1) [/home/javier/Documents/fpga_implementations_of_neural_networks/CNN/02_hardware/03_processor/03_soc_maxpooling/build/gateware/imports/home/javier/Documents/fpga_implementations_of_neural_networks/CNN/02_hardware/03_processor/03_soc_maxpooling/hardware/counterPositionRstlConv.v:23]
INFO: [Synth 8-6157] synthesizing module 'memory_image' [/home/javier/Documents/fpga_implementations_of_neural_networks/CNN/02_hardware/03_processor/03_soc_maxpooling/build/gateware/imports/home/javier/Documents/fpga_implementations_of_neural_networks/CNN/02_hardware/03_processor/03_soc_maxpooling/hardware/memory_image.v:23]
	Parameter numWeightImg bound to: 784 - type: integer 
	Parameter addressWidthPos bound to: 11 - type: integer 
	Parameter addressWidthImg bound to: 10 - type: integer 
	Parameter dataWidthImg bound to: 16 - type: integer 
	Parameter weightFileImg bound to: /home/javier/Documents/fpga_implementations_of_neural_networks/CNN/02_hardware/05_CNN_IP_core_z20/05_CNN_IP_core_z20.srcs/sources_1/new/zeros_image.mem - type: string 
	Parameter n_c bound to: 5'b11100 
	Parameter n_r bound to: 5'b11100 
	Parameter q bound to: 64'b0000000000000000000000000000000001111000000101011010111100110000 
	Parameter mask bound to: 8'b11111111 
	Parameter zero bound to: 1'b0 
	Parameter one bound to: 1'b1 
	Parameter offset_ent bound to: 6 - type: integer 
	Parameter offset_sor bound to: -1 - type: integer 
INFO: [Synth 8-3876] $readmem data file '/home/javier/Documents/fpga_implementations_of_neural_networks/CNN/02_hardware/05_CNN_IP_core_z20/05_CNN_IP_core_z20.srcs/sources_1/new/zeros_image.mem' is read successfully [/home/javier/Documents/fpga_implementations_of_neural_networks/CNN/02_hardware/03_processor/03_soc_maxpooling/build/gateware/imports/home/javier/Documents/fpga_implementations_of_neural_networks/CNN/02_hardware/03_processor/03_soc_maxpooling/hardware/memory_image.v:76]
INFO: [Synth 8-6155] done synthesizing module 'memory_image' (6#1) [/home/javier/Documents/fpga_implementations_of_neural_networks/CNN/02_hardware/03_processor/03_soc_maxpooling/build/gateware/imports/home/javier/Documents/fpga_implementations_of_neural_networks/CNN/02_hardware/03_processor/03_soc_maxpooling/hardware/memory_image.v:23]
ERROR: [Synth 8-448] named port connection 'mem_full' does not exist for instance 'image' of module 'memory_image' [/home/javier/Documents/fpga_implementations_of_neural_networks/CNN/02_hardware/03_processor/03_soc_maxpooling/build/gateware/imports/home/javier/Documents/fpga_implementations_of_neural_networks/CNN/02_hardware/03_processor/03_soc_maxpooling/hardware/accQuant_cnn.v:325]
INFO: [Synth 8-6157] synthesizing module 'memory_filter_1' [/home/javier/Documents/fpga_implementations_of_neural_networks/CNN/02_hardware/03_processor/03_soc_maxpooling/build/gateware/imports/home/javier/Documents/fpga_implementations_of_neural_networks/CNN/02_hardware/03_processor/03_soc_maxpooling/hardware/memory_filter_1.v:23]
	Parameter numWeightFilter bound to: 10 - type: integer 
	Parameter addressWidthFilter bound to: 4 - type: integer 
	Parameter dataWidthFilter bound to: 16 - type: integer 
	Parameter weightFileFilter bound to: filter1.mem - type: string 
CRITICAL WARNING: [Synth 8-4445] could not open $readmem data file 'filter1.mem'; please make sure the file is added to project and has read permission, ignoring [/home/javier/Documents/fpga_implementations_of_neural_networks/CNN/02_hardware/03_processor/03_soc_maxpooling/build/gateware/imports/home/javier/Documents/fpga_implementations_of_neural_networks/CNN/02_hardware/03_processor/03_soc_maxpooling/hardware/memory_filter_1.v:51]
ERROR: [Synth 8-6156] failed synthesizing module 'memory_filter_1' [/home/javier/Documents/fpga_implementations_of_neural_networks/CNN/02_hardware/03_processor/03_soc_maxpooling/build/gateware/imports/home/javier/Documents/fpga_implementations_of_neural_networks/CNN/02_hardware/03_processor/03_soc_maxpooling/hardware/memory_filter_1.v:23]
ERROR: [Synth 8-6156] failed synthesizing module 'accQuant_cnn' [/home/javier/Documents/fpga_implementations_of_neural_networks/CNN/02_hardware/03_processor/03_soc_maxpooling/build/gateware/imports/home/javier/Documents/fpga_implementations_of_neural_networks/CNN/02_hardware/03_processor/03_soc_maxpooling/hardware/accQuant_cnn.v:23]
ERROR: [Synth 8-6156] failed synthesizing module 'AccQuant_cnn' [/home/javier/Documents/fpga_implementations_of_neural_networks/CNN/02_hardware/03_processor/03_soc_maxpooling/build/gateware/AccQuant_cnn.v:2]
---------------------------------------------------------------------------------
Finished RTL Elaboration : Time (s): cpu = 00:00:04 ; elapsed = 00:00:05 . Memory (MB): peak = 2057.469 ; gain = 271.434 ; free physical = 408 ; free virtual = 3715
---------------------------------------------------------------------------------
RTL Elaboration failed
INFO: [Common 17-83] Releasing license: Synthesis
31 Infos, 0 Warnings, 1 Critical Warnings and 5 Errors encountered.
synth_design failed
ERROR: [Common 17-69] Command failed: Synthesis failed - please see the console or run log file for details

    while executing
"source "AccQuant_cnn_route.tcl""
    (file "AccQuant_cnn.tcl" line 1)
INFO: [Common 17-206] Exiting Vivado at Wed Aug 18 12:12:46 2021...
