INFO: [VRFC 10-2263] Analyzing Verilog file "/home/javier/Documents/fpga_implementations_of_neural_networks/CNN/02_hardware/06_CNN_IP_core_z20/06_CNN_IP_core_z20.srcs/sources_1/imports/new/ReLu.v" into library xil_defaultlib
INFO: [VRFC 10-311] analyzing module ReLu
INFO: [VRFC 10-2263] Analyzing Verilog file "/home/javier/Documents/fpga_implementations_of_neural_networks/CNN/02_hardware/06_CNN_IP_core_z20/06_CNN_IP_core_z20.srcs/sources_1/imports/new/accQuant.v" into library xil_defaultlib
INFO: [VRFC 10-311] analyzing module accQuant
INFO: [VRFC 10-2263] Analyzing Verilog file "/home/javier/Documents/fpga_implementations_of_neural_networks/CNN/02_hardware/06_CNN_IP_core_z20/06_CNN_IP_core_z20.srcs/sources_1/imports/new/clock_divider.v" into library xil_defaultlib
INFO: [VRFC 10-311] analyzing module clock_divider
INFO: [VRFC 10-2263] Analyzing Verilog file "/home/javier/Documents/fpga_implementations_of_neural_networks/CNN/02_hardware/06_CNN_IP_core_z20/06_CNN_IP_core_z20.srcs/sources_1/imports/new/clock_divider_dens.v" into library xil_defaultlib
INFO: [VRFC 10-311] analyzing module clock_divider_dens
INFO: [VRFC 10-2263] Analyzing Verilog file "/home/javier/Documents/fpga_implementations_of_neural_networks/CNN/02_hardware/06_CNN_IP_core_z20/06_CNN_IP_core_z20.srcs/sources_1/imports/new/controlMemoryAddressImg.v" into library xil_defaultlib
INFO: [VRFC 10-311] analyzing module controlMemoryAddressImg
INFO: [VRFC 10-311] analyzing module counter_row
INFO: [VRFC 10-311] analyzing module counter_col
INFO: [VRFC 10-2263] Analyzing Verilog file "/home/javier/Documents/fpga_implementations_of_neural_networks/CNN/02_hardware/06_CNN_IP_core_z20/06_CNN_IP_core_z20.srcs/sources_1/imports/new/convolution.v" into library xil_defaultlib
INFO: [VRFC 10-311] analyzing module convolution
INFO: [VRFC 10-2263] Analyzing Verilog file "/home/javier/Documents/fpga_implementations_of_neural_networks/CNN/02_hardware/06_CNN_IP_core_z20/06_CNN_IP_core_z20.srcs/sources_1/imports/new/counterPositionRstlConv.v" into library xil_defaultlib
INFO: [VRFC 10-311] analyzing module counterPositionRstlConv
INFO: [VRFC 10-2263] Analyzing Verilog file "/home/javier/Documents/fpga_implementations_of_neural_networks/CNN/02_hardware/06_CNN_IP_core_z20/06_CNN_IP_core_z20.srcs/sources_1/imports/new/memory_filter_1.v" into library xil_defaultlib
INFO: [VRFC 10-311] analyzing module memory_filter_1
INFO: [VRFC 10-2263] Analyzing Verilog file "/home/javier/Documents/fpga_implementations_of_neural_networks/CNN/02_hardware/06_CNN_IP_core_z20/06_CNN_IP_core_z20.srcs/sources_1/imports/new/memory_filter_2.v" into library xil_defaultlib
INFO: [VRFC 10-311] analyzing module memory_filter_2
INFO: [VRFC 10-2263] Analyzing Verilog file "/home/javier/Documents/fpga_implementations_of_neural_networks/CNN/02_hardware/06_CNN_IP_core_z20/06_CNN_IP_core_z20.srcs/sources_1/imports/new/memory_filter_3.v" into library xil_defaultlib
INFO: [VRFC 10-311] analyzing module memory_filter_3
INFO: [VRFC 10-2263] Analyzing Verilog file "/home/javier/Documents/fpga_implementations_of_neural_networks/CNN/02_hardware/06_CNN_IP_core_z20/06_CNN_IP_core_z20.srcs/sources_1/imports/new/memory_image.v" into library xil_defaultlib
INFO: [VRFC 10-311] analyzing module memory_image
INFO: [VRFC 10-2263] Analyzing Verilog file "/home/javier/Documents/fpga_implementations_of_neural_networks/CNN/02_hardware/06_CNN_IP_core_z20/06_CNN_IP_core_z20.srcs/sources_1/imports/new/memory_rstl_conv_1.v" into library xil_defaultlib
INFO: [VRFC 10-311] analyzing module memory_rstl_conv_1
INFO: [VRFC 10-2263] Analyzing Verilog file "/home/javier/Documents/fpga_implementations_of_neural_networks/CNN/02_hardware/06_CNN_IP_core_z20/06_CNN_IP_core_z20.srcs/sources_1/imports/new/quantization.v" into library xil_defaultlib
INFO: [VRFC 10-311] analyzing module quantization
INFO: [VRFC 10-2263] Analyzing Verilog file "/home/javier/Documents/fpga_implementations_of_neural_networks/CNN/02_hardware/06_CNN_IP_core_z20/06_CNN_IP_core_z20.srcs/sim_1/imports/new/accQuant_testbench.v" into library xil_defaultlib
INFO: [VRFC 10-311] analyzing module accQuant_testbench
