INFO: [VRFC 10-2263] Analyzing Verilog file "/home/javier/Documents/fpga_implementations_of_neural_networks/CNN/02_hardware/05_CNN_IP_core_z20/05_CNN_IP_core_z20.sim/sim_1/impl/timing/xsim/accQuant_testbench_time_impl.v" into library xil_defaultlib
INFO: [VRFC 10-311] analyzing module RAM64M_UNIQ_BASE_
INFO: [VRFC 10-311] analyzing module RAM64M_HD1
INFO: [VRFC 10-311] analyzing module RAM64M_HD10
INFO: [VRFC 10-311] analyzing module RAM64M_HD100
INFO: [VRFC 10-311] analyzing module RAM64M_HD101
INFO: [VRFC 10-311] analyzing module RAM64M_HD102
INFO: [VRFC 10-311] analyzing module RAM64M_HD104
INFO: [VRFC 10-311] analyzing module RAM64M_HD105
INFO: [VRFC 10-311] analyzing module RAM64M_HD106
INFO: [VRFC 10-311] analyzing module RAM64M_HD107
INFO: [VRFC 10-311] analyzing module RAM64M_HD108
INFO: [VRFC 10-311] analyzing module RAM64M_HD11
INFO: [VRFC 10-311] analyzing module RAM64M_HD110
INFO: [VRFC 10-311] analyzing module RAM64M_HD111
INFO: [VRFC 10-311] analyzing module RAM64M_HD112
INFO: [VRFC 10-311] analyzing module RAM64M_HD113
INFO: [VRFC 10-311] analyzing module RAM64M_HD114
INFO: [VRFC 10-311] analyzing module RAM64M_HD116
INFO: [VRFC 10-311] analyzing module RAM64M_HD117
INFO: [VRFC 10-311] analyzing module RAM64M_HD118
INFO: [VRFC 10-311] analyzing module RAM64M_HD119
INFO: [VRFC 10-311] analyzing module RAM64M_HD12
INFO: [VRFC 10-311] analyzing module RAM64M_HD120
INFO: [VRFC 10-311] analyzing module RAM64M_HD122
INFO: [VRFC 10-311] analyzing module RAM64M_HD123
INFO: [VRFC 10-311] analyzing module RAM64M_HD124
INFO: [VRFC 10-311] analyzing module RAM64M_HD125
INFO: [VRFC 10-311] analyzing module RAM64M_HD126
INFO: [VRFC 10-311] analyzing module RAM64M_HD128
INFO: [VRFC 10-311] analyzing module RAM64M_HD129
INFO: [VRFC 10-311] analyzing module RAM64M_HD130
INFO: [VRFC 10-311] analyzing module RAM64M_HD131
INFO: [VRFC 10-311] analyzing module RAM64M_HD132
INFO: [VRFC 10-311] analyzing module RAM64M_HD134
INFO: [VRFC 10-311] analyzing module RAM64M_HD135
INFO: [VRFC 10-311] analyzing module RAM64M_HD136
INFO: [VRFC 10-311] analyzing module RAM64M_HD137
INFO: [VRFC 10-311] analyzing module RAM64M_HD138
INFO: [VRFC 10-311] analyzing module RAM64M_HD14
INFO: [VRFC 10-311] analyzing module RAM64M_HD140
INFO: [VRFC 10-311] analyzing module RAM64M_HD141
INFO: [VRFC 10-311] analyzing module RAM64M_HD142
INFO: [VRFC 10-311] analyzing module RAM64M_HD143
INFO: [VRFC 10-311] analyzing module RAM64M_HD144
INFO: [VRFC 10-311] analyzing module RAM64M_HD146
INFO: [VRFC 10-311] analyzing module RAM64M_HD147
INFO: [VRFC 10-311] analyzing module RAM64M_HD148
INFO: [VRFC 10-311] analyzing module RAM64M_HD149
INFO: [VRFC 10-311] analyzing module RAM64M_HD15
INFO: [VRFC 10-311] analyzing module RAM64M_HD150
INFO: [VRFC 10-311] analyzing module RAM64M_HD152
INFO: [VRFC 10-311] analyzing module RAM64M_HD153
INFO: [VRFC 10-311] analyzing module RAM64M_HD154
INFO: [VRFC 10-311] analyzing module RAM64M_HD155
INFO: [VRFC 10-311] analyzing module RAM64M_HD156
INFO: [VRFC 10-311] analyzing module RAM64M_HD158
INFO: [VRFC 10-311] analyzing module RAM64M_HD159
INFO: [VRFC 10-311] analyzing module RAM64M_HD16
INFO: [VRFC 10-311] analyzing module RAM64M_HD160
INFO: [VRFC 10-311] analyzing module RAM64M_HD161
INFO: [VRFC 10-311] analyzing module RAM64M_HD162
INFO: [VRFC 10-311] analyzing module RAM64M_HD164
INFO: [VRFC 10-311] analyzing module RAM64M_HD165
INFO: [VRFC 10-311] analyzing module RAM64M_HD166
INFO: [VRFC 10-311] analyzing module RAM64M_HD167
INFO: [VRFC 10-311] analyzing module RAM64M_HD168
INFO: [VRFC 10-311] analyzing module RAM64M_HD17
INFO: [VRFC 10-311] analyzing module RAM64M_HD170
INFO: [VRFC 10-311] analyzing module RAM64M_HD171
INFO: [VRFC 10-311] analyzing module RAM64M_HD172
INFO: [VRFC 10-311] analyzing module RAM64M_HD173
INFO: [VRFC 10-311] analyzing module RAM64M_HD174
INFO: [VRFC 10-311] analyzing module RAM64M_HD176
INFO: [VRFC 10-311] analyzing module RAM64M_HD177
INFO: [VRFC 10-311] analyzing module RAM64M_HD178
INFO: [VRFC 10-311] analyzing module RAM64M_HD179
INFO: [VRFC 10-311] analyzing module RAM64M_HD18
INFO: [VRFC 10-311] analyzing module RAM64M_HD180
INFO: [VRFC 10-311] analyzing module RAM64M_HD182
INFO: [VRFC 10-311] analyzing module RAM64M_HD183
INFO: [VRFC 10-311] analyzing module RAM64M_HD184
INFO: [VRFC 10-311] analyzing module RAM64M_HD185
INFO: [VRFC 10-311] analyzing module RAM64M_HD186
INFO: [VRFC 10-311] analyzing module RAM64M_HD188
INFO: [VRFC 10-311] analyzing module RAM64M_HD189
INFO: [VRFC 10-311] analyzing module RAM64M_HD190
INFO: [VRFC 10-311] analyzing module RAM64M_HD191
INFO: [VRFC 10-311] analyzing module RAM64M_HD192
INFO: [VRFC 10-311] analyzing module RAM64M_HD194
INFO: [VRFC 10-311] analyzing module RAM64M_HD195
INFO: [VRFC 10-311] analyzing module RAM64M_HD196
INFO: [VRFC 10-311] analyzing module RAM64M_HD197
INFO: [VRFC 10-311] analyzing module RAM64M_HD198
INFO: [VRFC 10-311] analyzing module RAM64M_HD2
INFO: [VRFC 10-311] analyzing module RAM64M_HD20
INFO: [VRFC 10-311] analyzing module RAM64M_HD200
INFO: [VRFC 10-311] analyzing module RAM64M_HD201
INFO: [VRFC 10-311] analyzing module RAM64M_HD202
INFO: [VRFC 10-311] analyzing module RAM64M_HD203
INFO: [VRFC 10-311] analyzing module RAM64M_HD204
INFO: [VRFC 10-311] analyzing module RAM64M_HD206
INFO: [VRFC 10-311] analyzing module RAM64M_HD207
INFO: [VRFC 10-311] analyzing module RAM64M_HD208
INFO: [VRFC 10-311] analyzing module RAM64M_HD209
INFO: [VRFC 10-311] analyzing module RAM64M_HD21
INFO: [VRFC 10-311] analyzing module RAM64M_HD210
INFO: [VRFC 10-311] analyzing module RAM64M_HD212
INFO: [VRFC 10-311] analyzing module RAM64M_HD213
INFO: [VRFC 10-311] analyzing module RAM64M_HD214
INFO: [VRFC 10-311] analyzing module RAM64M_HD215
INFO: [VRFC 10-311] analyzing module RAM64M_HD216
INFO: [VRFC 10-311] analyzing module RAM64M_HD218
INFO: [VRFC 10-311] analyzing module RAM64M_HD219
INFO: [VRFC 10-311] analyzing module RAM64M_HD22
INFO: [VRFC 10-311] analyzing module RAM64M_HD220
INFO: [VRFC 10-311] analyzing module RAM64M_HD221
INFO: [VRFC 10-311] analyzing module RAM64M_HD222
INFO: [VRFC 10-311] analyzing module RAM64M_HD224
INFO: [VRFC 10-311] analyzing module RAM64M_HD225
INFO: [VRFC 10-311] analyzing module RAM64M_HD226
INFO: [VRFC 10-311] analyzing module RAM64M_HD227
INFO: [VRFC 10-311] analyzing module RAM64M_HD228
INFO: [VRFC 10-311] analyzing module RAM64M_HD23
INFO: [VRFC 10-311] analyzing module RAM64M_HD230
INFO: [VRFC 10-311] analyzing module RAM64M_HD231
INFO: [VRFC 10-311] analyzing module RAM64M_HD232
INFO: [VRFC 10-311] analyzing module RAM64M_HD233
INFO: [VRFC 10-311] analyzing module RAM64M_HD234
INFO: [VRFC 10-311] analyzing module RAM64M_HD236
INFO: [VRFC 10-311] analyzing module RAM64M_HD237
INFO: [VRFC 10-311] analyzing module RAM64M_HD238
INFO: [VRFC 10-311] analyzing module RAM64M_HD239
INFO: [VRFC 10-311] analyzing module RAM64M_HD24
INFO: [VRFC 10-311] analyzing module RAM64M_HD240
INFO: [VRFC 10-311] analyzing module RAM64M_HD242
INFO: [VRFC 10-311] analyzing module RAM64M_HD243
INFO: [VRFC 10-311] analyzing module RAM64M_HD244
INFO: [VRFC 10-311] analyzing module RAM64M_HD245
INFO: [VRFC 10-311] analyzing module RAM64M_HD246
INFO: [VRFC 10-311] analyzing module RAM64M_HD248
INFO: [VRFC 10-311] analyzing module RAM64M_HD249
INFO: [VRFC 10-311] analyzing module RAM64M_HD250
INFO: [VRFC 10-311] analyzing module RAM64M_HD251
INFO: [VRFC 10-311] analyzing module RAM64M_HD252
INFO: [VRFC 10-311] analyzing module RAM64M_HD254
INFO: [VRFC 10-311] analyzing module RAM64M_HD255
INFO: [VRFC 10-311] analyzing module RAM64M_HD256
INFO: [VRFC 10-311] analyzing module RAM64M_HD257
INFO: [VRFC 10-311] analyzing module RAM64M_HD258
INFO: [VRFC 10-311] analyzing module RAM64M_HD26
INFO: [VRFC 10-311] analyzing module RAM64M_HD260
INFO: [VRFC 10-311] analyzing module RAM64M_HD261
INFO: [VRFC 10-311] analyzing module RAM64M_HD262
INFO: [VRFC 10-311] analyzing module RAM64M_HD263
INFO: [VRFC 10-311] analyzing module RAM64M_HD264
INFO: [VRFC 10-311] analyzing module RAM64M_HD266
INFO: [VRFC 10-311] analyzing module RAM64M_HD267
INFO: [VRFC 10-311] analyzing module RAM64M_HD268
INFO: [VRFC 10-311] analyzing module RAM64M_HD269
INFO: [VRFC 10-311] analyzing module RAM64M_HD27
INFO: [VRFC 10-311] analyzing module RAM64M_HD270
INFO: [VRFC 10-311] analyzing module RAM64M_HD272
INFO: [VRFC 10-311] analyzing module RAM64M_HD273
INFO: [VRFC 10-311] analyzing module RAM64M_HD274
INFO: [VRFC 10-311] analyzing module RAM64M_HD275
INFO: [VRFC 10-311] analyzing module RAM64M_HD276
INFO: [VRFC 10-311] analyzing module RAM64M_HD278
INFO: [VRFC 10-311] analyzing module RAM64M_HD279
INFO: [VRFC 10-311] analyzing module RAM64M_HD28
INFO: [VRFC 10-311] analyzing module RAM64M_HD280
INFO: [VRFC 10-311] analyzing module RAM64M_HD281
INFO: [VRFC 10-311] analyzing module RAM64M_HD282
INFO: [VRFC 10-311] analyzing module RAM64M_HD284
INFO: [VRFC 10-311] analyzing module RAM64M_HD285
INFO: [VRFC 10-311] analyzing module RAM64M_HD286
INFO: [VRFC 10-311] analyzing module RAM64M_HD287
INFO: [VRFC 10-311] analyzing module RAM64M_HD288
INFO: [VRFC 10-311] analyzing module RAM64M_HD29
INFO: [VRFC 10-311] analyzing module RAM64M_HD290
INFO: [VRFC 10-311] analyzing module RAM64M_HD291
INFO: [VRFC 10-311] analyzing module RAM64M_HD292
INFO: [VRFC 10-311] analyzing module RAM64M_HD293
INFO: [VRFC 10-311] analyzing module RAM64M_HD294
INFO: [VRFC 10-311] analyzing module RAM64M_HD296
INFO: [VRFC 10-311] analyzing module RAM64M_HD297
INFO: [VRFC 10-311] analyzing module RAM64M_HD298
INFO: [VRFC 10-311] analyzing module RAM64M_HD299
INFO: [VRFC 10-311] analyzing module RAM64M_HD3
INFO: [VRFC 10-311] analyzing module RAM64M_HD30
INFO: [VRFC 10-311] analyzing module RAM64M_HD300
INFO: [VRFC 10-311] analyzing module RAM64M_HD302
INFO: [VRFC 10-311] analyzing module RAM64M_HD303
INFO: [VRFC 10-311] analyzing module RAM64M_HD304
INFO: [VRFC 10-311] analyzing module RAM64M_HD305
INFO: [VRFC 10-311] analyzing module RAM64M_HD306
INFO: [VRFC 10-311] analyzing module RAM64M_HD308
INFO: [VRFC 10-311] analyzing module RAM64M_HD309
INFO: [VRFC 10-311] analyzing module RAM64M_HD310
INFO: [VRFC 10-311] analyzing module RAM64M_HD311
INFO: [VRFC 10-311] analyzing module RAM64M_HD312
INFO: [VRFC 10-311] analyzing module RAM64M_HD314
INFO: [VRFC 10-311] analyzing module RAM64M_HD315
INFO: [VRFC 10-311] analyzing module RAM64M_HD316
INFO: [VRFC 10-311] analyzing module RAM64M_HD317
INFO: [VRFC 10-311] analyzing module RAM64M_HD318
INFO: [VRFC 10-311] analyzing module RAM64M_HD32
INFO: [VRFC 10-311] analyzing module RAM64M_HD320
INFO: [VRFC 10-311] analyzing module RAM64M_HD321
INFO: [VRFC 10-311] analyzing module RAM64M_HD322
INFO: [VRFC 10-311] analyzing module RAM64M_HD323
INFO: [VRFC 10-311] analyzing module RAM64M_HD324
INFO: [VRFC 10-311] analyzing module RAM64M_HD326
INFO: [VRFC 10-311] analyzing module RAM64M_HD327
INFO: [VRFC 10-311] analyzing module RAM64M_HD328
INFO: [VRFC 10-311] analyzing module RAM64M_HD329
INFO: [VRFC 10-311] analyzing module RAM64M_HD33
INFO: [VRFC 10-311] analyzing module RAM64M_HD330
INFO: [VRFC 10-311] analyzing module RAM64M_HD332
INFO: [VRFC 10-311] analyzing module RAM64M_HD333
INFO: [VRFC 10-311] analyzing module RAM64M_HD334
INFO: [VRFC 10-311] analyzing module RAM64M_HD335
INFO: [VRFC 10-311] analyzing module RAM64M_HD336
INFO: [VRFC 10-311] analyzing module RAM64M_HD338
INFO: [VRFC 10-311] analyzing module RAM64M_HD339
INFO: [VRFC 10-311] analyzing module RAM64M_HD34
INFO: [VRFC 10-311] analyzing module RAM64M_HD340
INFO: [VRFC 10-311] analyzing module RAM64M_HD341
INFO: [VRFC 10-311] analyzing module RAM64M_HD342
INFO: [VRFC 10-311] analyzing module RAM64M_HD344
INFO: [VRFC 10-311] analyzing module RAM64M_HD345
INFO: [VRFC 10-311] analyzing module RAM64M_HD346
INFO: [VRFC 10-311] analyzing module RAM64M_HD347
INFO: [VRFC 10-311] analyzing module RAM64M_HD348
INFO: [VRFC 10-311] analyzing module RAM64M_HD35
INFO: [VRFC 10-311] analyzing module RAM64M_HD350
INFO: [VRFC 10-311] analyzing module RAM64M_HD351
INFO: [VRFC 10-311] analyzing module RAM64M_HD352
INFO: [VRFC 10-311] analyzing module RAM64M_HD353
INFO: [VRFC 10-311] analyzing module RAM64M_HD354
INFO: [VRFC 10-311] analyzing module RAM64M_HD356
INFO: [VRFC 10-311] analyzing module RAM64M_HD357
INFO: [VRFC 10-311] analyzing module RAM64M_HD358
INFO: [VRFC 10-311] analyzing module RAM64M_HD359
INFO: [VRFC 10-311] analyzing module RAM64M_HD36
INFO: [VRFC 10-311] analyzing module RAM64M_HD360
INFO: [VRFC 10-311] analyzing module RAM64M_HD362
INFO: [VRFC 10-311] analyzing module RAM64M_HD363
INFO: [VRFC 10-311] analyzing module RAM64M_HD364
INFO: [VRFC 10-311] analyzing module RAM64M_HD365
INFO: [VRFC 10-311] analyzing module RAM64M_HD366
INFO: [VRFC 10-311] analyzing module RAM64M_HD368
INFO: [VRFC 10-311] analyzing module RAM64M_HD369
INFO: [VRFC 10-311] analyzing module RAM64M_HD370
INFO: [VRFC 10-311] analyzing module RAM64M_HD371
INFO: [VRFC 10-311] analyzing module RAM64M_HD372
INFO: [VRFC 10-311] analyzing module RAM64M_HD374
INFO: [VRFC 10-311] analyzing module RAM64M_HD375
INFO: [VRFC 10-311] analyzing module RAM64M_HD376
INFO: [VRFC 10-311] analyzing module RAM64M_HD377
INFO: [VRFC 10-311] analyzing module RAM64M_HD378
INFO: [VRFC 10-311] analyzing module RAM64M_HD38
INFO: [VRFC 10-311] analyzing module RAM64M_HD380
INFO: [VRFC 10-311] analyzing module RAM64M_HD381
INFO: [VRFC 10-311] analyzing module RAM64M_HD382
INFO: [VRFC 10-311] analyzing module RAM64M_HD383
INFO: [VRFC 10-311] analyzing module RAM64M_HD384
INFO: [VRFC 10-311] analyzing module RAM64M_HD386
INFO: [VRFC 10-311] analyzing module RAM64M_HD387
INFO: [VRFC 10-311] analyzing module RAM64M_HD388
INFO: [VRFC 10-311] analyzing module RAM64M_HD389
INFO: [VRFC 10-311] analyzing module RAM64M_HD39
INFO: [VRFC 10-311] analyzing module RAM64M_HD390
INFO: [VRFC 10-311] analyzing module RAM64M_HD392
INFO: [VRFC 10-311] analyzing module RAM64M_HD393
INFO: [VRFC 10-311] analyzing module RAM64M_HD394
INFO: [VRFC 10-311] analyzing module RAM64M_HD395
INFO: [VRFC 10-311] analyzing module RAM64M_HD396
INFO: [VRFC 10-311] analyzing module RAM64M_HD398
INFO: [VRFC 10-311] analyzing module RAM64M_HD399
INFO: [VRFC 10-311] analyzing module RAM64M_HD4
INFO: [VRFC 10-311] analyzing module RAM64M_HD40
INFO: [VRFC 10-311] analyzing module RAM64M_HD400
INFO: [VRFC 10-311] analyzing module RAM64M_HD401
INFO: [VRFC 10-311] analyzing module RAM64M_HD402
INFO: [VRFC 10-311] analyzing module RAM64M_HD404
INFO: [VRFC 10-311] analyzing module RAM64M_HD405
INFO: [VRFC 10-311] analyzing module RAM64M_HD406
INFO: [VRFC 10-311] analyzing module RAM64M_HD407
INFO: [VRFC 10-311] analyzing module RAM64M_HD408
INFO: [VRFC 10-311] analyzing module RAM64M_HD41
INFO: [VRFC 10-311] analyzing module RAM64M_HD410
INFO: [VRFC 10-311] analyzing module RAM64M_HD411
INFO: [VRFC 10-311] analyzing module RAM64M_HD412
INFO: [VRFC 10-311] analyzing module RAM64M_HD413
INFO: [VRFC 10-311] analyzing module RAM64M_HD414
INFO: [VRFC 10-311] analyzing module RAM64M_HD416
INFO: [VRFC 10-311] analyzing module RAM64M_HD417
INFO: [VRFC 10-311] analyzing module RAM64M_HD418
INFO: [VRFC 10-311] analyzing module RAM64M_HD419
INFO: [VRFC 10-311] analyzing module RAM64M_HD42
INFO: [VRFC 10-311] analyzing module RAM64M_HD420
INFO: [VRFC 10-311] analyzing module RAM64M_HD422
INFO: [VRFC 10-311] analyzing module RAM64M_HD423
INFO: [VRFC 10-311] analyzing module RAM64M_HD424
INFO: [VRFC 10-311] analyzing module RAM64M_HD425
INFO: [VRFC 10-311] analyzing module RAM64M_HD426
INFO: [VRFC 10-311] analyzing module RAM64M_HD428
INFO: [VRFC 10-311] analyzing module RAM64M_HD429
INFO: [VRFC 10-311] analyzing module RAM64M_HD430
INFO: [VRFC 10-311] analyzing module RAM64M_HD431
INFO: [VRFC 10-311] analyzing module RAM64M_HD432
INFO: [VRFC 10-311] analyzing module RAM64M_HD434
INFO: [VRFC 10-311] analyzing module RAM64M_HD435
INFO: [VRFC 10-311] analyzing module RAM64M_HD436
INFO: [VRFC 10-311] analyzing module RAM64M_HD437
INFO: [VRFC 10-311] analyzing module RAM64M_HD438
INFO: [VRFC 10-311] analyzing module RAM64M_HD44
INFO: [VRFC 10-311] analyzing module RAM64M_HD440
INFO: [VRFC 10-311] analyzing module RAM64M_HD441
INFO: [VRFC 10-311] analyzing module RAM64M_HD442
INFO: [VRFC 10-311] analyzing module RAM64M_HD443
INFO: [VRFC 10-311] analyzing module RAM64M_HD444
INFO: [VRFC 10-311] analyzing module RAM64M_HD446
INFO: [VRFC 10-311] analyzing module RAM64M_HD447
INFO: [VRFC 10-311] analyzing module RAM64M_HD448
INFO: [VRFC 10-311] analyzing module RAM64M_HD449
INFO: [VRFC 10-311] analyzing module RAM64M_HD45
INFO: [VRFC 10-311] analyzing module RAM64M_HD450
INFO: [VRFC 10-311] analyzing module RAM64M_HD452
INFO: [VRFC 10-311] analyzing module RAM64M_HD453
INFO: [VRFC 10-311] analyzing module RAM64M_HD454
INFO: [VRFC 10-311] analyzing module RAM64M_HD455
INFO: [VRFC 10-311] analyzing module RAM64M_HD456
INFO: [VRFC 10-311] analyzing module RAM64M_HD458
INFO: [VRFC 10-311] analyzing module RAM64M_HD459
INFO: [VRFC 10-311] analyzing module RAM64M_HD46
INFO: [VRFC 10-311] analyzing module RAM64M_HD460
INFO: [VRFC 10-311] analyzing module RAM64M_HD461
INFO: [VRFC 10-311] analyzing module RAM64M_HD462
INFO: [VRFC 10-311] analyzing module RAM64M_HD464
INFO: [VRFC 10-311] analyzing module RAM64M_HD465
INFO: [VRFC 10-311] analyzing module RAM64M_HD466
INFO: [VRFC 10-311] analyzing module RAM64M_HD467
INFO: [VRFC 10-311] analyzing module RAM64M_HD468
INFO: [VRFC 10-311] analyzing module RAM64M_HD47
INFO: [VRFC 10-311] analyzing module RAM64M_HD470
INFO: [VRFC 10-311] analyzing module RAM64M_HD471
INFO: [VRFC 10-311] analyzing module RAM64M_HD472
INFO: [VRFC 10-311] analyzing module RAM64M_HD473
INFO: [VRFC 10-311] analyzing module RAM64M_HD474
INFO: [VRFC 10-311] analyzing module RAM64M_HD476
INFO: [VRFC 10-311] analyzing module RAM64M_HD477
INFO: [VRFC 10-311] analyzing module RAM64M_HD478
INFO: [VRFC 10-311] analyzing module RAM64M_HD479
INFO: [VRFC 10-311] analyzing module RAM64M_HD48
INFO: [VRFC 10-311] analyzing module RAM64M_HD480
INFO: [VRFC 10-311] analyzing module RAM64M_HD482
INFO: [VRFC 10-311] analyzing module RAM64M_HD483
INFO: [VRFC 10-311] analyzing module RAM64M_HD484
INFO: [VRFC 10-311] analyzing module RAM64M_HD485
INFO: [VRFC 10-311] analyzing module RAM64M_HD486
INFO: [VRFC 10-311] analyzing module RAM64M_HD488
INFO: [VRFC 10-311] analyzing module RAM64M_HD489
INFO: [VRFC 10-311] analyzing module RAM64M_HD490
INFO: [VRFC 10-311] analyzing module RAM64M_HD491
INFO: [VRFC 10-311] analyzing module RAM64M_HD492
INFO: [VRFC 10-311] analyzing module RAM64M_HD494
INFO: [VRFC 10-311] analyzing module RAM64M_HD495
INFO: [VRFC 10-311] analyzing module RAM64M_HD496
INFO: [VRFC 10-311] analyzing module RAM64M_HD497
INFO: [VRFC 10-311] analyzing module RAM64M_HD498
INFO: [VRFC 10-311] analyzing module RAM64M_HD5
INFO: [VRFC 10-311] analyzing module RAM64M_HD50
INFO: [VRFC 10-311] analyzing module RAM64M_HD500
INFO: [VRFC 10-311] analyzing module RAM64M_HD501
INFO: [VRFC 10-311] analyzing module RAM64M_HD502
INFO: [VRFC 10-311] analyzing module RAM64M_HD503
INFO: [VRFC 10-311] analyzing module RAM64M_HD504
INFO: [VRFC 10-311] analyzing module RAM64M_HD506
INFO: [VRFC 10-311] analyzing module RAM64M_HD507
INFO: [VRFC 10-311] analyzing module RAM64M_HD508
INFO: [VRFC 10-311] analyzing module RAM64M_HD509
INFO: [VRFC 10-311] analyzing module RAM64M_HD51
INFO: [VRFC 10-311] analyzing module RAM64M_HD510
INFO: [VRFC 10-311] analyzing module RAM64M_HD512
INFO: [VRFC 10-311] analyzing module RAM64M_HD513
INFO: [VRFC 10-311] analyzing module RAM64M_HD514
INFO: [VRFC 10-311] analyzing module RAM64M_HD515
INFO: [VRFC 10-311] analyzing module RAM64M_HD516
INFO: [VRFC 10-311] analyzing module RAM64M_HD518
INFO: [VRFC 10-311] analyzing module RAM64M_HD519
INFO: [VRFC 10-311] analyzing module RAM64M_HD52
INFO: [VRFC 10-311] analyzing module RAM64M_HD520
INFO: [VRFC 10-311] analyzing module RAM64M_HD521
INFO: [VRFC 10-311] analyzing module RAM64M_HD522
INFO: [VRFC 10-311] analyzing module RAM64M_HD524
INFO: [VRFC 10-311] analyzing module RAM64M_HD525
INFO: [VRFC 10-311] analyzing module RAM64M_HD526
INFO: [VRFC 10-311] analyzing module RAM64M_HD527
INFO: [VRFC 10-311] analyzing module RAM64M_HD528
INFO: [VRFC 10-311] analyzing module RAM64M_HD53
INFO: [VRFC 10-311] analyzing module RAM64M_HD530
INFO: [VRFC 10-311] analyzing module RAM64M_HD531
INFO: [VRFC 10-311] analyzing module RAM64M_HD532
INFO: [VRFC 10-311] analyzing module RAM64M_HD533
INFO: [VRFC 10-311] analyzing module RAM64M_HD534
INFO: [VRFC 10-311] analyzing module RAM64M_HD536
INFO: [VRFC 10-311] analyzing module RAM64M_HD537
INFO: [VRFC 10-311] analyzing module RAM64M_HD538
INFO: [VRFC 10-311] analyzing module RAM64M_HD539
INFO: [VRFC 10-311] analyzing module RAM64M_HD54
INFO: [VRFC 10-311] analyzing module RAM64M_HD540
INFO: [VRFC 10-311] analyzing module RAM64M_HD542
INFO: [VRFC 10-311] analyzing module RAM64M_HD543
INFO: [VRFC 10-311] analyzing module RAM64M_HD544
INFO: [VRFC 10-311] analyzing module RAM64M_HD545
INFO: [VRFC 10-311] analyzing module RAM64M_HD546
INFO: [VRFC 10-311] analyzing module RAM64M_HD548
INFO: [VRFC 10-311] analyzing module RAM64M_HD549
INFO: [VRFC 10-311] analyzing module RAM64M_HD550
INFO: [VRFC 10-311] analyzing module RAM64M_HD551
INFO: [VRFC 10-311] analyzing module RAM64M_HD552
INFO: [VRFC 10-311] analyzing module RAM64M_HD554
INFO: [VRFC 10-311] analyzing module RAM64M_HD555
INFO: [VRFC 10-311] analyzing module RAM64M_HD556
INFO: [VRFC 10-311] analyzing module RAM64M_HD557
INFO: [VRFC 10-311] analyzing module RAM64M_HD558
INFO: [VRFC 10-311] analyzing module RAM64M_HD56
INFO: [VRFC 10-311] analyzing module RAM64M_HD560
INFO: [VRFC 10-311] analyzing module RAM64M_HD561
INFO: [VRFC 10-311] analyzing module RAM64M_HD562
INFO: [VRFC 10-311] analyzing module RAM64M_HD563
INFO: [VRFC 10-311] analyzing module RAM64M_HD564
INFO: [VRFC 10-311] analyzing module RAM64M_HD566
INFO: [VRFC 10-311] analyzing module RAM64M_HD567
INFO: [VRFC 10-311] analyzing module RAM64M_HD568
INFO: [VRFC 10-311] analyzing module RAM64M_HD569
INFO: [VRFC 10-311] analyzing module RAM64M_HD57
INFO: [VRFC 10-311] analyzing module RAM64M_HD570
INFO: [VRFC 10-311] analyzing module RAM64M_HD572
INFO: [VRFC 10-311] analyzing module RAM64M_HD573
INFO: [VRFC 10-311] analyzing module RAM64M_HD574
INFO: [VRFC 10-311] analyzing module RAM64M_HD575
INFO: [VRFC 10-311] analyzing module RAM64M_HD576
INFO: [VRFC 10-311] analyzing module RAM64M_HD578
INFO: [VRFC 10-311] analyzing module RAM64M_HD579
INFO: [VRFC 10-311] analyzing module RAM64M_HD58
INFO: [VRFC 10-311] analyzing module RAM64M_HD580
INFO: [VRFC 10-311] analyzing module RAM64M_HD581
INFO: [VRFC 10-311] analyzing module RAM64M_HD582
INFO: [VRFC 10-311] analyzing module RAM64M_HD584
INFO: [VRFC 10-311] analyzing module RAM64M_HD585
INFO: [VRFC 10-311] analyzing module RAM64M_HD586
INFO: [VRFC 10-311] analyzing module RAM64M_HD587
INFO: [VRFC 10-311] analyzing module RAM64M_HD588
INFO: [VRFC 10-311] analyzing module RAM64M_HD59
INFO: [VRFC 10-311] analyzing module RAM64M_HD590
INFO: [VRFC 10-311] analyzing module RAM64M_HD591
INFO: [VRFC 10-311] analyzing module RAM64M_HD592
INFO: [VRFC 10-311] analyzing module RAM64M_HD593
INFO: [VRFC 10-311] analyzing module RAM64M_HD594
INFO: [VRFC 10-311] analyzing module RAM64M_HD596
INFO: [VRFC 10-311] analyzing module RAM64M_HD597
INFO: [VRFC 10-311] analyzing module RAM64M_HD598
INFO: [VRFC 10-311] analyzing module RAM64M_HD599
INFO: [VRFC 10-311] analyzing module RAM64M_HD6
INFO: [VRFC 10-311] analyzing module RAM64M_HD60
INFO: [VRFC 10-311] analyzing module RAM64M_HD600
INFO: [VRFC 10-311] analyzing module RAM64M_HD602
INFO: [VRFC 10-311] analyzing module RAM64M_HD603
INFO: [VRFC 10-311] analyzing module RAM64M_HD604
INFO: [VRFC 10-311] analyzing module RAM64M_HD605
INFO: [VRFC 10-311] analyzing module RAM64M_HD606
INFO: [VRFC 10-311] analyzing module RAM64M_HD608
INFO: [VRFC 10-311] analyzing module RAM64M_HD609
INFO: [VRFC 10-311] analyzing module RAM64M_HD610
INFO: [VRFC 10-311] analyzing module RAM64M_HD611
INFO: [VRFC 10-311] analyzing module RAM64M_HD612
INFO: [VRFC 10-311] analyzing module RAM64M_HD614
INFO: [VRFC 10-311] analyzing module RAM64M_HD615
INFO: [VRFC 10-311] analyzing module RAM64M_HD616
INFO: [VRFC 10-311] analyzing module RAM64M_HD617
INFO: [VRFC 10-311] analyzing module RAM64M_HD618
INFO: [VRFC 10-311] analyzing module RAM64M_HD62
INFO: [VRFC 10-311] analyzing module RAM64M_HD620
INFO: [VRFC 10-311] analyzing module RAM64M_HD621
INFO: [VRFC 10-311] analyzing module RAM64M_HD622
INFO: [VRFC 10-311] analyzing module RAM64M_HD623
INFO: [VRFC 10-311] analyzing module RAM64M_HD624
INFO: [VRFC 10-311] analyzing module RAM64M_HD626
INFO: [VRFC 10-311] analyzing module RAM64M_HD627
INFO: [VRFC 10-311] analyzing module RAM64M_HD628
INFO: [VRFC 10-311] analyzing module RAM64M_HD629
INFO: [VRFC 10-311] analyzing module RAM64M_HD63
INFO: [VRFC 10-311] analyzing module RAM64M_HD630
INFO: [VRFC 10-311] analyzing module RAM64M_HD632
INFO: [VRFC 10-311] analyzing module RAM64M_HD633
INFO: [VRFC 10-311] analyzing module RAM64M_HD634
INFO: [VRFC 10-311] analyzing module RAM64M_HD635
INFO: [VRFC 10-311] analyzing module RAM64M_HD636
INFO: [VRFC 10-311] analyzing module RAM64M_HD638
INFO: [VRFC 10-311] analyzing module RAM64M_HD639
INFO: [VRFC 10-311] analyzing module RAM64M_HD64
INFO: [VRFC 10-311] analyzing module RAM64M_HD640
INFO: [VRFC 10-311] analyzing module RAM64M_HD641
INFO: [VRFC 10-311] analyzing module RAM64M_HD642
INFO: [VRFC 10-311] analyzing module RAM64M_HD644
INFO: [VRFC 10-311] analyzing module RAM64M_HD645
INFO: [VRFC 10-311] analyzing module RAM64M_HD646
INFO: [VRFC 10-311] analyzing module RAM64M_HD647
INFO: [VRFC 10-311] analyzing module RAM64M_HD648
INFO: [VRFC 10-311] analyzing module RAM64M_HD65
INFO: [VRFC 10-311] analyzing module RAM64M_HD650
INFO: [VRFC 10-311] analyzing module RAM64M_HD651
INFO: [VRFC 10-311] analyzing module RAM64M_HD652
INFO: [VRFC 10-311] analyzing module RAM64M_HD653
INFO: [VRFC 10-311] analyzing module RAM64M_HD654
INFO: [VRFC 10-311] analyzing module RAM64M_HD656
INFO: [VRFC 10-311] analyzing module RAM64M_HD657
INFO: [VRFC 10-311] analyzing module RAM64M_HD658
INFO: [VRFC 10-311] analyzing module RAM64M_HD659
INFO: [VRFC 10-311] analyzing module RAM64M_HD66
INFO: [VRFC 10-311] analyzing module RAM64M_HD660
INFO: [VRFC 10-311] analyzing module RAM64M_HD662
INFO: [VRFC 10-311] analyzing module RAM64M_HD663
INFO: [VRFC 10-311] analyzing module RAM64M_HD664
INFO: [VRFC 10-311] analyzing module RAM64M_HD665
INFO: [VRFC 10-311] analyzing module RAM64M_HD666
INFO: [VRFC 10-311] analyzing module RAM64M_HD668
INFO: [VRFC 10-311] analyzing module RAM64M_HD669
INFO: [VRFC 10-311] analyzing module RAM64M_HD670
INFO: [VRFC 10-311] analyzing module RAM64M_HD671
INFO: [VRFC 10-311] analyzing module RAM64M_HD672
INFO: [VRFC 10-311] analyzing module RAM64M_HD674
INFO: [VRFC 10-311] analyzing module RAM64M_HD675
INFO: [VRFC 10-311] analyzing module RAM64M_HD676
INFO: [VRFC 10-311] analyzing module RAM64M_HD677
INFO: [VRFC 10-311] analyzing module RAM64M_HD678
INFO: [VRFC 10-311] analyzing module RAM64M_HD68
INFO: [VRFC 10-311] analyzing module RAM64M_HD680
INFO: [VRFC 10-311] analyzing module RAM64M_HD681
INFO: [VRFC 10-311] analyzing module RAM64M_HD682
INFO: [VRFC 10-311] analyzing module RAM64M_HD683
INFO: [VRFC 10-311] analyzing module RAM64M_HD684
INFO: [VRFC 10-311] analyzing module RAM64M_HD686
INFO: [VRFC 10-311] analyzing module RAM64M_HD687
INFO: [VRFC 10-311] analyzing module RAM64M_HD688
INFO: [VRFC 10-311] analyzing module RAM64M_HD689
INFO: [VRFC 10-311] analyzing module RAM64M_HD69
INFO: [VRFC 10-311] analyzing module RAM64M_HD690
INFO: [VRFC 10-311] analyzing module RAM64M_HD692
INFO: [VRFC 10-311] analyzing module RAM64M_HD693
INFO: [VRFC 10-311] analyzing module RAM64M_HD694
INFO: [VRFC 10-311] analyzing module RAM64M_HD695
INFO: [VRFC 10-311] analyzing module RAM64M_HD696
INFO: [VRFC 10-311] analyzing module RAM64M_HD698
INFO: [VRFC 10-311] analyzing module RAM64M_HD699
INFO: [VRFC 10-311] analyzing module RAM64M_HD70
INFO: [VRFC 10-311] analyzing module RAM64M_HD700
INFO: [VRFC 10-311] analyzing module RAM64M_HD71
INFO: [VRFC 10-311] analyzing module RAM64M_HD72
INFO: [VRFC 10-311] analyzing module RAM64M_HD74
INFO: [VRFC 10-311] analyzing module RAM64M_HD75
INFO: [VRFC 10-311] analyzing module RAM64M_HD76
INFO: [VRFC 10-311] analyzing module RAM64M_HD77
INFO: [VRFC 10-311] analyzing module RAM64M_HD78
INFO: [VRFC 10-311] analyzing module RAM64M_HD8
INFO: [VRFC 10-311] analyzing module RAM64M_HD80
INFO: [VRFC 10-311] analyzing module RAM64M_HD81
INFO: [VRFC 10-311] analyzing module RAM64M_HD82
INFO: [VRFC 10-311] analyzing module RAM64M_HD83
INFO: [VRFC 10-311] analyzing module RAM64M_HD84
INFO: [VRFC 10-311] analyzing module RAM64M_HD86
INFO: [VRFC 10-311] analyzing module RAM64M_HD87
INFO: [VRFC 10-311] analyzing module RAM64M_HD88
INFO: [VRFC 10-311] analyzing module RAM64M_HD89
INFO: [VRFC 10-311] analyzing module RAM64M_HD9
INFO: [VRFC 10-311] analyzing module RAM64M_HD90
INFO: [VRFC 10-311] analyzing module RAM64M_HD92
INFO: [VRFC 10-311] analyzing module RAM64M_HD93
INFO: [VRFC 10-311] analyzing module RAM64M_HD94
INFO: [VRFC 10-311] analyzing module RAM64M_HD95
INFO: [VRFC 10-311] analyzing module RAM64M_HD96
INFO: [VRFC 10-311] analyzing module RAM64M_HD98
INFO: [VRFC 10-311] analyzing module RAM64M_HD99
INFO: [VRFC 10-311] analyzing module RAM64X1D_UNIQ_BASE_
INFO: [VRFC 10-311] analyzing module RAM64X1D_HD103
INFO: [VRFC 10-311] analyzing module RAM64X1D_HD109
INFO: [VRFC 10-311] analyzing module RAM64X1D_HD115
INFO: [VRFC 10-311] analyzing module RAM64X1D_HD121
INFO: [VRFC 10-311] analyzing module RAM64X1D_HD127
INFO: [VRFC 10-311] analyzing module RAM64X1D_HD13
INFO: [VRFC 10-311] analyzing module RAM64X1D_HD133
INFO: [VRFC 10-311] analyzing module RAM64X1D_HD139
INFO: [VRFC 10-311] analyzing module RAM64X1D_HD145
INFO: [VRFC 10-311] analyzing module RAM64X1D_HD151
INFO: [VRFC 10-311] analyzing module RAM64X1D_HD157
INFO: [VRFC 10-311] analyzing module RAM64X1D_HD163
INFO: [VRFC 10-311] analyzing module RAM64X1D_HD169
INFO: [VRFC 10-311] analyzing module RAM64X1D_HD175
INFO: [VRFC 10-311] analyzing module RAM64X1D_HD181
INFO: [VRFC 10-311] analyzing module RAM64X1D_HD187
INFO: [VRFC 10-311] analyzing module RAM64X1D_HD19
INFO: [VRFC 10-311] analyzing module RAM64X1D_HD193
INFO: [VRFC 10-311] analyzing module RAM64X1D_HD199
INFO: [VRFC 10-311] analyzing module RAM64X1D_HD205
INFO: [VRFC 10-311] analyzing module RAM64X1D_HD211
INFO: [VRFC 10-311] analyzing module RAM64X1D_HD217
INFO: [VRFC 10-311] analyzing module RAM64X1D_HD223
INFO: [VRFC 10-311] analyzing module RAM64X1D_HD229
INFO: [VRFC 10-311] analyzing module RAM64X1D_HD235
INFO: [VRFC 10-311] analyzing module RAM64X1D_HD241
INFO: [VRFC 10-311] analyzing module RAM64X1D_HD247
INFO: [VRFC 10-311] analyzing module RAM64X1D_HD25
INFO: [VRFC 10-311] analyzing module RAM64X1D_HD253
INFO: [VRFC 10-311] analyzing module RAM64X1D_HD259
INFO: [VRFC 10-311] analyzing module RAM64X1D_HD265
INFO: [VRFC 10-311] analyzing module RAM64X1D_HD271
INFO: [VRFC 10-311] analyzing module RAM64X1D_HD277
INFO: [VRFC 10-311] analyzing module RAM64X1D_HD283
INFO: [VRFC 10-311] analyzing module RAM64X1D_HD289
INFO: [VRFC 10-311] analyzing module RAM64X1D_HD295
INFO: [VRFC 10-311] analyzing module RAM64X1D_HD301
INFO: [VRFC 10-311] analyzing module RAM64X1D_HD307
INFO: [VRFC 10-311] analyzing module RAM64X1D_HD31
INFO: [VRFC 10-311] analyzing module RAM64X1D_HD313
INFO: [VRFC 10-311] analyzing module RAM64X1D_HD319
INFO: [VRFC 10-311] analyzing module RAM64X1D_HD325
INFO: [VRFC 10-311] analyzing module RAM64X1D_HD331
INFO: [VRFC 10-311] analyzing module RAM64X1D_HD337
INFO: [VRFC 10-311] analyzing module RAM64X1D_HD343
INFO: [VRFC 10-311] analyzing module RAM64X1D_HD349
INFO: [VRFC 10-311] analyzing module RAM64X1D_HD355
INFO: [VRFC 10-311] analyzing module RAM64X1D_HD361
INFO: [VRFC 10-311] analyzing module RAM64X1D_HD367
INFO: [VRFC 10-311] analyzing module RAM64X1D_HD37
INFO: [VRFC 10-311] analyzing module RAM64X1D_HD373
INFO: [VRFC 10-311] analyzing module RAM64X1D_HD379
INFO: [VRFC 10-311] analyzing module RAM64X1D_HD385
INFO: [VRFC 10-311] analyzing module RAM64X1D_HD391
INFO: [VRFC 10-311] analyzing module RAM64X1D_HD397
INFO: [VRFC 10-311] analyzing module RAM64X1D_HD403
INFO: [VRFC 10-311] analyzing module RAM64X1D_HD409
INFO: [VRFC 10-311] analyzing module RAM64X1D_HD415
INFO: [VRFC 10-311] analyzing module RAM64X1D_HD421
INFO: [VRFC 10-311] analyzing module RAM64X1D_HD427
INFO: [VRFC 10-311] analyzing module RAM64X1D_HD43
INFO: [VRFC 10-311] analyzing module RAM64X1D_HD433
INFO: [VRFC 10-311] analyzing module RAM64X1D_HD439
INFO: [VRFC 10-311] analyzing module RAM64X1D_HD445
INFO: [VRFC 10-311] analyzing module RAM64X1D_HD451
INFO: [VRFC 10-311] analyzing module RAM64X1D_HD457
INFO: [VRFC 10-311] analyzing module RAM64X1D_HD463
INFO: [VRFC 10-311] analyzing module RAM64X1D_HD469
INFO: [VRFC 10-311] analyzing module RAM64X1D_HD475
INFO: [VRFC 10-311] analyzing module RAM64X1D_HD481
INFO: [VRFC 10-311] analyzing module RAM64X1D_HD487
INFO: [VRFC 10-311] analyzing module RAM64X1D_HD49
INFO: [VRFC 10-311] analyzing module RAM64X1D_HD493
INFO: [VRFC 10-311] analyzing module RAM64X1D_HD499
INFO: [VRFC 10-311] analyzing module RAM64X1D_HD505
INFO: [VRFC 10-311] analyzing module RAM64X1D_HD511
INFO: [VRFC 10-311] analyzing module RAM64X1D_HD517
INFO: [VRFC 10-311] analyzing module RAM64X1D_HD523
INFO: [VRFC 10-311] analyzing module RAM64X1D_HD529
INFO: [VRFC 10-311] analyzing module RAM64X1D_HD535
INFO: [VRFC 10-311] analyzing module RAM64X1D_HD541
INFO: [VRFC 10-311] analyzing module RAM64X1D_HD547
INFO: [VRFC 10-311] analyzing module RAM64X1D_HD55
INFO: [VRFC 10-311] analyzing module RAM64X1D_HD553
INFO: [VRFC 10-311] analyzing module RAM64X1D_HD559
INFO: [VRFC 10-311] analyzing module RAM64X1D_HD565
INFO: [VRFC 10-311] analyzing module RAM64X1D_HD571
INFO: [VRFC 10-311] analyzing module RAM64X1D_HD577
INFO: [VRFC 10-311] analyzing module RAM64X1D_HD583
INFO: [VRFC 10-311] analyzing module RAM64X1D_HD589
INFO: [VRFC 10-311] analyzing module RAM64X1D_HD595
INFO: [VRFC 10-311] analyzing module RAM64X1D_HD601
INFO: [VRFC 10-311] analyzing module RAM64X1D_HD607
INFO: [VRFC 10-311] analyzing module RAM64X1D_HD61
INFO: [VRFC 10-311] analyzing module RAM64X1D_HD613
INFO: [VRFC 10-311] analyzing module RAM64X1D_HD619
INFO: [VRFC 10-311] analyzing module RAM64X1D_HD625
INFO: [VRFC 10-311] analyzing module RAM64X1D_HD631
INFO: [VRFC 10-311] analyzing module RAM64X1D_HD637
INFO: [VRFC 10-311] analyzing module RAM64X1D_HD643
INFO: [VRFC 10-311] analyzing module RAM64X1D_HD649
INFO: [VRFC 10-311] analyzing module RAM64X1D_HD655
INFO: [VRFC 10-311] analyzing module RAM64X1D_HD661
INFO: [VRFC 10-311] analyzing module RAM64X1D_HD667
INFO: [VRFC 10-311] analyzing module RAM64X1D_HD67
INFO: [VRFC 10-311] analyzing module RAM64X1D_HD673
INFO: [VRFC 10-311] analyzing module RAM64X1D_HD679
INFO: [VRFC 10-311] analyzing module RAM64X1D_HD685
INFO: [VRFC 10-311] analyzing module RAM64X1D_HD691
INFO: [VRFC 10-311] analyzing module RAM64X1D_HD697
INFO: [VRFC 10-311] analyzing module RAM64X1D_HD7
INFO: [VRFC 10-311] analyzing module RAM64X1D_HD73
INFO: [VRFC 10-311] analyzing module RAM64X1D_HD79
INFO: [VRFC 10-311] analyzing module RAM64X1D_HD85
INFO: [VRFC 10-311] analyzing module RAM64X1D_HD91
INFO: [VRFC 10-311] analyzing module RAM64X1D_HD97
INFO: [VRFC 10-311] analyzing module ReLu
INFO: [VRFC 10-311] analyzing module ReLu_2
INFO: [VRFC 10-311] analyzing module ReLu_3
INFO: [VRFC 10-311] analyzing module accQuant_cnn
INFO: [VRFC 10-311] analyzing module clock_divider
INFO: [VRFC 10-311] analyzing module clock_divider_dens
INFO: [VRFC 10-311] analyzing module clock_divider_max
INFO: [VRFC 10-311] analyzing module controlMemoryAddressConv
INFO: [VRFC 10-311] analyzing module controlMemoryAddressImg
INFO: [VRFC 10-311] analyzing module convolution
INFO: [VRFC 10-311] analyzing module convolution__parameterized0
INFO: [VRFC 10-311] analyzing module convolution__parameterized1
INFO: [VRFC 10-311] analyzing module counterPositionRstlConv
INFO: [VRFC 10-311] analyzing module counterPositionRstlMax
INFO: [VRFC 10-311] analyzing module counter_col
INFO: [VRFC 10-311] analyzing module counter_col_max
INFO: [VRFC 10-311] analyzing module counter_row
INFO: [VRFC 10-311] analyzing module counter_row_max
INFO: [VRFC 10-311] analyzing module maxpooling
INFO: [VRFC 10-311] analyzing module maxpooling_0
INFO: [VRFC 10-311] analyzing module maxpooling_1
INFO: [VRFC 10-311] analyzing module memory_image
INFO: [VRFC 10-311] analyzing module memory_rstl_conv_1
INFO: [VRFC 10-311] analyzing module memory_rstl_conv_2
INFO: [VRFC 10-311] analyzing module memory_rstl_conv_3
INFO: [VRFC 10-311] analyzing module memory_rstl_max_1
INFO: [VRFC 10-311] analyzing module quantization
INFO: [VRFC 10-311] analyzing module quantization__parameterized0
INFO: [VRFC 10-311] analyzing module quantization__parameterized1
INFO: [VRFC 10-311] analyzing module glbl
INFO: [VRFC 10-2263] Analyzing Verilog file "/home/javier/Documents/fpga_implementations_of_neural_networks/CNN/02_hardware/05_CNN_IP_core_z20/05_CNN_IP_core_z20.srcs/sim_1/new/accQuant_testbench.v" into library xil_defaultlib
INFO: [VRFC 10-311] analyzing module accQuant_testbench
