Vivado Simulator 2019.2
Time resolution is 1 ps
***********************************************************************
***********************************************************************
conv1,    0  -1
conv1,    1  -1
conv1,    2  -1
conv1,    3  -1
conv1,    4  -1
conv1,    5  -1
conv1,    6  -1
conv1,    7  -1
conv1,    8  -1
conv1,    9  -1
conv1,   10  -1
conv1,   11  -1
conv1,   12  -1
conv1,   13  -1
conv1,   14  -1
conv1,   15  -1
conv1,   16  -1
conv1,   17  -1
conv1,   18  -1
conv1,   19  -1
conv1,   20  -1
conv1,   21  -1
conv1,   22  -1
conv1,   23  -1
conv1,   24  -1
conv1,   25  -1
conv1,   26  -1
conv1,   27  -1
conv1,   28  -1
conv1,   29  -1
conv1,   30  -1
conv1,   31  -1
conv1,   32  -1
conv1,   33  -1
conv1,   34  -1
conv1,   35  -1
conv1,   36  -1
conv1,   37  -1
conv1,   38  -1
conv1,   39  -1
conv1,   40  -1
conv1,   41  -1
conv1,   42  -1
conv1,   43  -1
conv1,   44  -1
conv1,   45  -1
conv1,   46  -1
conv1,   47  -1
conv1,   48  -1
conv1,   49  -1
conv1,   50  -1
conv1,   51  -1
conv1,   52  -1
conv1,   53  -1
conv1,   54  -1
conv1,   55  -1
conv1,   56  -1
conv1,   57  -1
conv1,   58  -1
conv1,   59  -1
conv1,   60  -1
conv1,   61  -1
conv1,   62  -1
conv1,   63  -1
conv1,   64  -1
conv1,   65  -1
conv1,   66  -1
conv1,   67  -1
conv1,   68  -1
conv1,   69  -1
conv1,   70  -1
conv1,   71  -1
conv1,   72  -1
conv1,   73  -1
conv1,   74  -1
conv1,   75  -1
conv1,   76  -1
conv1,   77  -1
conv1,   78  -1
conv1,   79  -1
conv1,   80  -1
conv1,   81  -1
conv1,   82  -1
conv1,   83  -1
conv1,   84  -1
conv1,   85  -1
conv1,   86  -1
conv1,   87  -1
conv1,   88  -1
conv1,   89  -1
conv1,   90  -1
conv1,   91  -1
conv1,   92  -1
conv1,   93  -1
conv1,   94  -1
conv1,   95  -1
conv1,   96  -1
conv1,   97  -1
conv1,   98  -1
conv1,   99  -1
conv1,  100  -1
conv1,  101  -1
conv1,  102  -1
conv1,  103  -1
conv1,  104  -1
conv1,  105  -1
conv1,  106  -1
conv1,  107  -1
conv1,  108  -1
conv1,  109  -1
conv1,  110  -1
conv1,  111  -1
conv1,  112  -1
conv1,  113  -1
conv1,  114  -1
conv1,  115  -1
conv1,  116  -1
conv1,  117  -1
conv1,  118  -1
conv1,  119  -1
conv1,  120  -1
conv1,  121  -1
conv1,  122  -1
conv1,  123  -1
conv1,  124  -1
conv1,  125  -1
conv1,  126  -1
conv1,  127  16
conv1,  128  -1
conv1,  129  -1
conv1,  130  -1
conv1,  131  -1
conv1,  132  -1
conv1,  133  -1
conv1,  134  -1
conv1,  135  -1
conv1,  136  -1
conv1,  137  -1
conv1,  138  -1
conv1,  139  -1
conv1,  140  -1
conv1,  141  -1
conv1,  142  -1
conv1,  143  -1
conv1,  144  -1
conv1,  145  -1
conv1,  146  -1
conv1,  147  -1
conv1,  148  -1
conv1,  149  -1
conv1,  150  -1
conv1,  151  -1
conv1,  152  21
conv1,  153  41
conv1,  154  -1
conv1,  155  -1
conv1,  156  -1
conv1,  157  -1
conv1,  158  -1
conv1,  159  -1
conv1,  160  -1
conv1,  161  -1
conv1,  162  -1
conv1,  163  -1
conv1,  164  -1
conv1,  165  -1
conv1,  166  -1
conv1,  167  -1
conv1,  168  -1
conv1,  169  -1
conv1,  170  -1
conv1,  171  -1
conv1,  172  -1
conv1,  173  -1
conv1,  174  -1
conv1,  175  -1
conv1,  176  -1
conv1,  177  -1
conv1,  178  38
conv1,  179  14
conv1,  180  -1
conv1,  181  -1
conv1,  182  -1
conv1,  183  -1
conv1,  184  -1
conv1,  185  -1
conv1,  186  -1
conv1,  187  -1
conv1,  188  -1
conv1,  189  -1
conv1,  190  -1
conv1,  191  -1
conv1,  192  -1
conv1,  193  -1
conv1,  194  -1
conv1,  195  -1
conv1,  196  -1
conv1,  197  -1
conv1,  198  -1
conv1,  199  -1
conv1,  200  -1
conv1,  201  -1
conv1,  202  -1
conv1,  203  11
conv1,  204  14
conv1,  205  -1
conv1,  206  -1
conv1,  207  -1
conv1,  208  -1
conv1,  209  -1
conv1,  210  -1
conv1,  211  -1
conv1,  212  -1
conv1,  213  -1
conv1,  214  -1
conv1,  215  -1
conv1,  216  -1
conv1,  217  -1
conv1,  218  -1
conv1,  219  -1
conv1,  220  -1
conv1,  221  -1
conv1,  222  -1
conv1,  223  -1
conv1,  224  29
conv1,  225  41
conv1,  226  -1
conv1,  227  -1
conv1,  228  -1
conv1,  229  -1
conv1,  230  -1
conv1,  231  -1
conv1,  232  -1
conv1,  233  -1
conv1,  234  -1
conv1,  235  -1
conv1,  236  -1
conv1,  237  -1
conv1,  238  -1
conv1,  239  -1
conv1,  240  -1
conv1,  241  -1
conv1,  242  -1
conv1,  243  -1
conv1,  244  -1
conv1,  245  -1
conv1,  246  -1
conv1,  247  20
conv1,  248  -1
conv1,  249  -1
conv1,  250  11
conv1,  251  14
conv1,  252  -1
conv1,  253  -1
conv1,  254  -1
conv1,  255  -1
conv1,  256  -1
conv1,  257  -1
conv1,  258  -1
conv1,  259  -1
conv1,  260  -1
conv1,  261  -1
conv1,  262  -1
conv1,  263  -1
conv1,  264  -1
conv1,  265  -1
conv1,  266  -1
conv1,  267  -1
conv1,  268  -1
conv1,  269  -1
conv1,  270  -1
conv1,  271  -1
conv1,  272  -1
conv1,  273  -1
conv1,  274  -1
conv1,  275  -1
conv1,  276  -1
conv1,  277  -1
conv1,  278  -1
conv1,  279  -1
conv1,  280  -1
conv1,  281  -1
conv1,  282  -1
conv1,  283  -1
conv1,  284  -1
conv1,  285  -1
conv1,  286  -1
conv1,  287  -1
conv1,  288  -1
conv1,  289  -1
conv1,  290  -1
conv1,  291  -1
conv1,  292  -1
conv1,  293  -1
conv1,  294  -1
conv1,  295  -1
conv1,  296  -1
conv1,  297  -1
conv1,  298  -1
conv1,  299  -1
conv1,  300  -1
conv1,  301  -1
conv1,  302  -1
conv1,  303  -1
conv1,  304  -1
conv1,  305  -1
conv1,  306  -1
conv1,  307  -1
conv1,  308  -1
conv1,  309  -1
conv1,  310  -1
conv1,  311  -1
conv1,  312  -1
conv1,  313  -1
conv1,  314  -1
conv1,  315  -1
conv1,  316  -1
conv1,  317  -1
conv1,  318  -1
conv1,  319  -1
conv1,  320  -1
conv1,  321  -1
conv1,  322  -1
conv1,  323  -1
conv1,  324  -1
conv1,  325  -1
conv1,  326  -1
conv1,  327  -1
conv1,  328  -1
conv1,  329  -1
conv1,  330  -1
conv1,  331  -1
conv1,  332  -1
conv1,  333  -1
conv1,  334  -1
conv1,  335  -1
conv1,  336  -1
conv1,  337  -1
conv1,  338  -1
conv1,  339  -1
conv1,  340  -1
conv1,  341  -1
conv1,  342  -1
conv1,  343  -1
conv1,  344  -1
conv1,  345  -1
conv1,  346  -1
conv1,  347  -1
conv1,  348  -1
conv1,  349  -1
conv1,  350  -1
conv1,  351  -1
conv1,  352  -1
conv1,  353  -1
conv1,  354  -1
conv1,  355  -1
conv1,  356  -1
conv1,  357  -1
conv1,  358  -1
conv1,  359  -1
conv1,  360  -1
conv1,  361  -1
conv1,  362  -1
conv1,  363  -1
conv1,  364  -1
conv1,  365  -1
conv1,  366  -1
conv1,  367  -1
conv1,  368  -1
conv1,  369  -1
conv1,  370  -1
conv1,  371  -1
conv1,  372  -1
conv1,  373  -1
conv1,  374  -1
conv1,  375  -1
conv1,  376  -1
conv1,  377  -1
conv1,  378  -1
conv1,  379  -1
conv1,  380  -1
conv1,  381  -1
conv1,  382  -1
conv1,  383  16
conv1,  384  -1
conv1,  385  -1
conv1,  386  -1
conv1,  387  -1
conv1,  388  -1
conv1,  389  -1
conv1,  390  -1
conv1,  391  -1
conv1,  392  -1
conv1,  393  -1
conv1,  394  -1
conv1,  395  -1
conv1,  396  -1
conv1,  397  -1
conv1,  398  -1
conv1,  399  -1
conv1,  400  -1
conv1,  401  -1
conv1,  402  -1
conv1,  403  -1
conv1,  404  -1
conv1,  405  -1
conv1,  406  -1
conv1,  407  -1
conv1,  408  -1
conv1,  409   0
conv1,  410  -1
conv1,  411  -1
conv1,  412  -1
conv1,  413  -1
conv1,  414  -1
conv1,  415  -1
conv1,  416  -1
conv1,  417  -1
conv1,  418  -1
conv1,  419  -1
conv1,  420  -1
conv1,  421  -1
conv1,  422  -1
conv1,  423  -1
conv1,  424  -1
conv1,  425  -1
conv1,  426  -1
conv1,  427  -1
conv1,  428  -1
conv1,  429  -1
conv1,  430  -1
conv1,  431  -1
conv1,  432  -1
conv1,  433  -1
conv1,  434  -1
conv1,  435  14
conv1,  436  21
conv1,  437  -1
conv1,  438  -1
conv1,  439  -1
conv1,  440  -1
conv1,  441  -1
conv1,  442  -1
conv1,  443  -1
conv1,  444  -1
conv1,  445  -1
conv1,  446  -1
conv1,  447  -1
conv1,  448  -1
conv1,  449  -1
conv1,  450  -1
conv1,  451  -1
conv1,  452  -1
conv1,  453  -1
conv1,  454  -1
conv1,  455  -1
conv1,  456  -1
conv1,  457  -1
conv1,  458  -1
conv1,  459  -1
conv1,  460  -1
conv1,  461  27
conv1,  462  23
conv1,  463  -1
conv1,  464  -1
conv1,  465  -1
conv1,  466  -1
conv1,  467  -1
conv1,  468  -1
conv1,  469  -1
conv1,  470  -1
conv1,  471  -1
conv1,  472  -1
conv1,  473  -1
conv1,  474  -1
conv1,  475  -1
conv1,  476  -1
conv1,  477  -1
conv1,  478  -1
conv1,  479  -1
conv1,  480  -1
conv1,  481  -1
conv1,  482  -1
conv1,  483  -1
conv1,  484  -1
conv1,  485  -1
conv1,  486   6
conv1,  487  40
conv1,  488   2
conv1,  489  -1
conv1,  490  -1
conv1,  491  -1
conv1,  492  -1
conv1,  493  -1
conv1,  494  -1
conv1,  495  -1
conv1,  496  -1
conv1,  497  -1
conv1,  498  -1
conv1,  499  -1
