Copyright 1986-2019 Xilinx, Inc. All Rights Reserved.
------------------------------------------------------------------------------------
| Tool Version : Vivado v.2019.2 (lin64) Build 2708876 Wed Nov  6 21:39:14 MST 2019
| Date         : Sat Aug 21 12:45:43 2021
| Host         : Tars running 64-bit Ubuntu 18.04.4 LTS
| Command      : report_control_sets -verbose -file mult_control_sets.rpt
| Design       : mult
| Device       : xc7z020
------------------------------------------------------------------------------------

Control Set Information

Table of Contents
-----------------
1. Summary
2. Histogram
3. Flip-Flop Distribution
4. Detailed Control Set Information

1. Summary
----------

+----------------------------------------------------------+-------+
|                          Status                          | Count |
+----------------------------------------------------------+-------+
| Total control sets                                       |    72 |
|    Minimum number of control sets                        |    72 |
|    Addition due to synthesis replication                 |     0 |
|    Addition due to physical synthesis replication        |     0 |
| Unused register locations in slices containing registers |   185 |
+----------------------------------------------------------+-------+
* Control sets can be merged at opt_design using control_set_merge or merge_equivalent_drivers
** Run report_qor_suggestions for automated merging and remapping suggestions


2. Histogram
------------

+--------------------+-------+
|       Fanout       | Count |
+--------------------+-------+
| Total control sets |    72 |
| >= 0 to < 4        |     2 |
| >= 4 to < 6        |    12 |
| >= 6 to < 8        |     3 |
| >= 8 to < 10       |    12 |
| >= 10 to < 12      |     1 |
| >= 12 to < 14      |     0 |
| >= 14 to < 16      |     2 |
| >= 16              |    40 |
+--------------------+-------+
* Control sets can be remapped at either synth_design or opt_design


3. Flip-Flop Distribution
-------------------------

+--------------+-----------------------+------------------------+-----------------+--------------+
| Clock Enable | Synchronous Set/Reset | Asynchronous Set/Reset | Total Registers | Total Slices |
+--------------+-----------------------+------------------------+-----------------+--------------+
| No           | No                    | No                     |              97 |           43 |
| No           | No                    | Yes                    |               0 |            0 |
| No           | Yes                   | No                     |             281 |          111 |
| Yes          | No                    | No                     |            1059 |          363 |
| Yes          | No                    | Yes                    |               0 |            0 |
| Yes          | Yes                   | No                     |             434 |          120 |
+--------------+-----------------------+------------------------+-----------------+--------------+


4. Detailed Control Set Information
-----------------------------------

+-------------------+-------------------------------------------------------------------------------------+-------------------------------------------------------------------------+------------------+----------------+
|    Clock Signal   |                                    Enable Signal                                    |                             Set/Reset Signal                            | Slice Load Count | Bel Load Count |
+-------------------+-------------------------------------------------------------------------------------+-------------------------------------------------------------------------+------------------+----------------+
|  clk125_IBUF_BUFG | serial_tx_i_2_n_0                                                                   | serial_tx_i_1_n_0                                                       |                1 |              1 |
|  clk125_IBUF_BUFG | VexRiscv/_zz_158_                                                                   | VexRiscv/dataCache_1_/reset0                                            |                1 |              3 |
|  clk125_IBUF_BUFG | tx_tick[0]                                                                          | serial_tx0_out                                                          |                1 |              4 |
|  clk125_IBUF_BUFG | VexRiscv/dataCache_1_/memory_to_writeBack_INSTRUCTION_reg[29][0]                    | VexRiscv/dataCache_1_/reset0                                            |                2 |              4 |
|  clk125_IBUF_BUFG | uart_tx_fifo_syncfifo_re                                                            | int_rst                                                                 |                1 |              4 |
|  clk125_IBUF_BUFG | uart_rx_fifo_syncfifo_re                                                            | int_rst                                                                 |                1 |              4 |
|  clk125_IBUF_BUFG | rx_tick[0]                                                                          | p_9_in                                                                  |                1 |              4 |
|  clk125_IBUF_BUFG | VexRiscv/dataCache_1_/execute_CsrPlugin_writeEnable0                                | VexRiscv/IBusCachedPlugin_cache/io_cpu_fetch_data_regNextWhen_reg[31]_0 |                2 |              4 |
|  clk125_IBUF_BUFG | uart_rx_fifo_wrport_we__0                                                           | int_rst                                                                 |                1 |              4 |
|  clk125_IBUF_BUFG | VexRiscv/IBusCachedPlugin_cache/state_reg_0                                         | int_rst                                                                 |                1 |              4 |
|  clk125_IBUF_BUFG | uart_rx_fifo_level0[4]_i_1_n_0                                                      | int_rst                                                                 |                2 |              5 |
|  clk125_IBUF_BUFG | VexRiscv/IBusCachedPlugin_cache/uart_tx_fifo_readable_reg[0]                        | int_rst                                                                 |                2 |              5 |
|  clk125_IBUF_BUFG | VexRiscv/IBusCachedPlugin_cache/_zz_198_                                            |                                                                         |                2 |              5 |
|  clk125_IBUF_BUFG | signed_mult/activation/p_0_in_1                                                     |                                                                         |                1 |              5 |
|  clk125_IBUF_BUFG |                                                                                     | VexRiscv/dataCache_1_/SR[0]                                             |                2 |              6 |
|  clk125_IBUF_BUFG | VexRiscv/dataCache_1_/stageB_mmuRsp_physicalAddress[11]_i_1_n_0                     | VexRiscv/dataCache_1_/stageB_flusher_start_reg_n_0                      |                3 |              7 |
|  clk125_IBUF_BUFG | tx_data1_in0                                                                        |                                                                         |                1 |              7 |
|  clk125_IBUF_BUFG | uart_rx_fifo_syncfifo_re                                                            |                                                                         |                2 |              8 |
| ~clk125_IBUF_BUFG | signed_mult/quant/remainder[7]_i_1_n_0                                              |                                                                         |                3 |              8 |
|  clk125_IBUF_BUFG | rx_data_rs232phyrx_next_value_ce1                                                   |                                                                         |                2 |              8 |
|  clk125_IBUF_BUFG | VexRiscv/IBusCachedPlugin_cache/_zz_12_                                             | VexRiscv/IBusCachedPlugin_cache/_zz_13_                                 |                2 |              8 |
|  clk125_IBUF_BUFG | uart_tx_fifo_syncfifo_re                                                            |                                                                         |                2 |              8 |
|  clk125_IBUF_BUFG |                                                                                     | VexRiscv/IBusCachedPlugin_cache/state_reg                               |                4 |              8 |
|  clk125_IBUF_BUFG | signed_mult/activation/aux_num_0                                                    | signed_mult/activation/aux_num[7]_i_1_n_0                               |                1 |              8 |
|  clk125_IBUF_BUFG | signed_mult/activation/aux_num3_2                                                   |                                                                         |                2 |              8 |
|  clk125_IBUF_BUFG | signed_mult/activation/aux_num4                                                     |                                                                         |                1 |              8 |
| ~clk125_IBUF_BUFG | signed_mult/quant/res1[8]_i_1_n_0                                                   |                                                                         |                2 |              9 |
|  clk125_IBUF_BUFG | signed_mult/activation/aux_num2_3                                                   |                                                                         |                2 |              9 |
| ~clk125_IBUF_BUFG | signed_mult/quant/result4[8]_i_2_n_0                                                | signed_mult/quant/result4[8]_i_1_n_0                                    |                2 |              9 |
|  clk125_IBUF_BUFG | VexRiscv/IBusCachedPlugin_cache/IBusCachedPlugin_fetchPc_booted_reg                 | VexRiscv/IBusCachedPlugin_fetchPc_pcReg[11]_i_1_n_0                     |                2 |             10 |
| ~clk125_IBUF_BUFG |                                                                                     |                                                                         |                4 |             14 |
| ~clk125_IBUF_BUFG | signed_mult/quant/result1[13]__0_i_1_n_0                                            |                                                                         |                3 |             14 |
|  clk125_IBUF_BUFG | VexRiscv/IBusCachedPlugin_cache/lineLoader_address_reg[12]_5[0]                     | int_rst                                                                 |                5 |             16 |
|  clk125_IBUF_BUFG | VexRiscv/IBusCachedPlugin_cache/uart_tx_fifo_wrport_we                              |                                                                         |                2 |             16 |
|  clk125_IBUF_BUFG | uart_rx_fifo_wrport_we__0                                                           |                                                                         |                2 |             16 |
| ~clk125_IBUF_BUFG | signed_mult/quant/result2[16]_i_1_n_0                                               |                                                                         |                4 |             17 |
|  clk125_IBUF_BUFG |                                                                                     | VexRiscv/IBusCachedPlugin_cache/SR[0]                                   |                6 |             17 |
|  clk125_IBUF_BUFG | VexRiscv/IBusCachedPlugin_cache/lineLoader_address_reg[12]_4[0]                     | int_rst                                                                 |                5 |             17 |
|  clk125_IBUF_BUFG |                                                                                     | tx_phase[31]_i_1_n_0                                                    |                7 |             20 |
|  clk125_IBUF_BUFG | VexRiscv/IBusCachedPlugin_cache/IBusCachedPlugin_fetchPc_booted_reg                 |                                                                         |                9 |             20 |
|  clk125_IBUF_BUFG | sel                                                                                 | VexRiscv/IBusCachedPlugin_cache/int_rst_reg                             |                5 |             20 |
|  clk125_IBUF_BUFG |                                                                                     | VexRiscv/dataCache_1_/reset0                                            |               15 |             23 |
|  clk125_IBUF_BUFG | VexRiscv/dataCache_1_/p_2_out0                                                      |                                                                         |                7 |             25 |
|  clk125_IBUF_BUFG | VexRiscv/IBusCachedPlugin_cache/lineLoader_address[31]_i_1_n_0                      |                                                                         |                9 |             27 |
|  clk125_IBUF_BUFG | VexRiscv/_zz_214_                                                                   | VexRiscv/dataCache_1__io_mem_cmd_s2mPipe_rData_address[31]_i_1_n_0      |                9 |             27 |
|  clk125_IBUF_BUFG | VexRiscv/dataCache_1_/E[0]                                                          |                                                                         |               10 |             30 |
|  clk125_IBUF_BUFG | VexRiscv/dataCache_1_/execute_CsrPlugin_csr_773_reg[0]                              |                                                                         |                7 |             30 |
|  clk125_IBUF_BUFG |                                                                                     | rx_phase[30]_i_1_n_0                                                    |                9 |             31 |
|  clk125_IBUF_BUFG |                                                                                     | VexRiscv/IBusCachedPlugin_cache/lineLoader_address_reg[12]_1            |               13 |             32 |
|  clk125_IBUF_BUFG | VexRiscv/IBusCachedPlugin_cache/lineLoader_address_reg[12]_3[0]                     | int_rst                                                                 |                7 |             32 |
|  clk125_IBUF_BUFG | VexRiscv/IBusCachedPlugin_cache/E[0]                                                | int_rst                                                                 |                6 |             32 |
|  clk125_IBUF_BUFG | VexRiscv/CsrPlugin_hadException                                                     |                                                                         |               11 |             32 |
|  clk125_IBUF_BUFG |                                                                                     | VexRiscv/IBusCachedPlugin_cache/lineLoader_address_reg[12]_0            |               11 |             32 |
|  clk125_IBUF_BUFG |                                                                                     | VexRiscv/IBusCachedPlugin_cache/count_reg_16_sn_1                       |               11 |             32 |
|  clk125_IBUF_BUFG | VexRiscv/dataCache_1_/CsrPlugin_exceptionPortCtrl_exceptionValidsRegs_memory_reg[0] |                                                                         |               24 |             32 |
|  clk125_IBUF_BUFG | VexRiscv/dataCache_1_/memory_DivPlugin_div_done_reg_1[0]                            |                                                                         |                8 |             32 |
|  clk125_IBUF_BUFG | VexRiscv/memory_DivPlugin_div_result[31]_i_1_n_0                                    |                                                                         |                8 |             32 |
|  clk125_IBUF_BUFG | VexRiscv/memory_DivPlugin_rs1[31]                                                   | VexRiscv/dataCache_1_/memory_DivPlugin_div_counter_willClear            |                5 |             32 |
|  clk125_IBUF_BUFG | VexRiscv/IBusCachedPlugin_cache/lineLoader_address_reg[12]_2[0]                     | int_rst                                                                 |                8 |             32 |
|  clk125_IBUF_BUFG | timer_update_value_re                                                               | int_rst                                                                 |                9 |             32 |
|  clk125_IBUF_BUFG | VexRiscv/dataCache_1_/execute_CsrPlugin_csr_3008_reg[0]                             | VexRiscv/dataCache_1_/reset0                                            |               10 |             32 |
|  clk125_IBUF_BUFG | soccontroller_bus_errors                                                            | int_rst                                                                 |                8 |             32 |
|  clk125_IBUF_BUFG | VexRiscv/IBusCachedPlugin_cache/execute_arbitration_isValid_reg[0]                  |                                                                         |               14 |             35 |
|  clk125_IBUF_BUFG | VexRiscv/_zz_214_                                                                   |                                                                         |               15 |             41 |
|  clk125_IBUF_BUFG | VexRiscv/dataCache_1_/stageB_flusher_valid_reg_0                                    | VexRiscv/dataCache_1_/reset0                                            |               17 |             42 |
|  clk125_IBUF_BUFG | VexRiscv/IBusCachedPlugin_cache/p_83_in                                             |                                                                         |               21 |             64 |
|  clk125_IBUF_BUFG | VexRiscv/dataCache_1__io_mem_cmd_s2mPipe_ready                                      |                                                                         |               23 |             68 |
|  clk125_IBUF_BUFG |                                                                                     | int_rst                                                                 |               33 |             80 |
|  clk125_IBUF_BUFG |                                                                                     |                                                                         |               39 |             83 |
|  clk125_IBUF_BUFG | VexRiscv/dataCache_1_/stageB_flusher_valid_reg_0                                    |                                                                         |               31 |            101 |
|  clk125_IBUF_BUFG | VexRiscv/dataCache_1_/execute_CsrPlugin_writeEnable0                                |                                                                         |               66 |            158 |
|  clk125_IBUF_BUFG | VexRiscv/dataCache_1_/memory_DivPlugin_div_counter_willClear                        |                                                                         |               73 |            218 |
+-------------------+-------------------------------------------------------------------------------------+-------------------------------------------------------------------------+------------------+----------------+


