Copyright 1986-2019 Xilinx, Inc. All Rights Reserved.
------------------------------------------------------------------------------------------------
| Tool Version : Vivado v.2019.2 (lin64) Build 2708876 Wed Nov  6 21:39:14 MST 2019
| Date         : Sat Aug 21 12:45:43 2021
| Host         : Tars running 64-bit Ubuntu 18.04.4 LTS
| Command      : report_utilization -hierarchical -file mult_utilization_hierarchical_place.rpt
| Design       : mult
| Device       : 7z020clg400-1
| Design State : Fully Placed
------------------------------------------------------------------------------------------------

Utilization Design Information

Table of Contents
-----------------
1. Utilization by Hierarchy

1. Utilization by Hierarchy
---------------------------

+----------------------------+------------------+------------+------------+---------+------+------+--------+--------+--------------+
|          Instance          |      Module      | Total LUTs | Logic LUTs | LUTRAMs | SRLs |  FFs | RAMB36 | RAMB18 | DSP48 Blocks |
+----------------------------+------------------+------------+------------+---------+------+------+--------+--------+--------------+
| mult                       |            (top) |       2408 |       2392 |      16 |    0 | 1871 |     15 |      8 |            9 |
|   (mult)                   |            (top) |        200 |        184 |      16 |    0 |  510 |     14 |      0 |            0 |
|   VexRiscv                 |         VexRiscv |       2147 |       2147 |       0 |    0 | 1246 |      1 |      8 |            4 |
|     (VexRiscv)             |         VexRiscv |        889 |        889 |       0 |    0 | 1019 |      0 |      2 |            4 |
|     IBusCachedPlugin_cache | InstructionCache |        672 |        672 |       0 |    0 |  106 |      1 |      1 |            0 |
|     dataCache_1_           |        DataCache |        604 |        604 |       0 |    0 |  121 |      0 |      5 |            0 |
|   signed_mult              |      signed_mult |         61 |         61 |       0 |    0 |  115 |      0 |      0 |            5 |
|     activation             |             ReLu |         20 |         20 |       0 |    0 |   44 |      0 |      0 |            0 |
|     quant                  |     quantization |         41 |         41 |       0 |    0 |   71 |      0 |      0 |            5 |
+----------------------------+------------------+------------+------------+---------+------+------+--------+--------+--------------+
* Note: The sum of lower-level cells may be larger than their parent cells total, due to cross-hierarchy LUT combining


